Removed Pin From Net: NetName=ESIM_VDD Pin=SB16-1
Removed Pin From Net: NetName=GSM_SIM_VDD Pin=SB16-2
Removed Pin From Net: NetName=ESIM_RST Pin=SB17-1
Removed Pin From Net: NetName=GSM_SIM_RST Pin=SB17-2
Removed Pin From Net: NetName=ESIM_DATA Pin=SB18-1
Removed Pin From Net: NetName=GSM_SIM_DATA Pin=SB18-2
Removed Pin From Net: NetName=ESIM_CLK Pin=SB19-1
Removed Pin From Net: NetName=GSM_SIM_CLK Pin=SB19-2
Removed Pin From Net: NetName=SIM_VDD Pin=SB20-1
Removed Pin From Net: NetName=GSM_SIM_VDD Pin=SB20-2
Removed Pin From Net: NetName=SIM_RST Pin=SB21-1
Removed Pin From Net: NetName=GSM_SIM_RST Pin=SB21-2
Removed Pin From Net: NetName=SIM_DATA Pin=SB22-1
Removed Pin From Net: NetName=GSM_SIM_DATA Pin=SB22-2
Removed Pin From Net: NetName=SIM_CLK Pin=SB23-1
Removed Pin From Net: NetName=GSM_SIM_CLK Pin=SB23-2
Removed Pin From Net: NetName=GSM_SIM_RST Pin=VD1-2
Removed Pin From Net: NetName=GSM_SIM_VDD Pin=VD1-3
Removed Pin From Net: NetName=GSM_SIM_CLK Pin=VD1-4
Removed Pin From Net: NetName=GND Pin=XTAL3-GND
Removed Pin From Net: NetName=GND Pin=XTAL3-GND
Added Component: Designator=D?(QFN16)
Added Pin To Net: NetName=ESIM_VDD Pin=D?-1
Added Pin To Net: NetName=SIM_RST Pin=D?-3
Added Pin To Net: NetName=GSM_SIM_RST Pin=D?-4
Added Pin To Net: NetName=ESIM_RST Pin=D?-5
Added Pin To Net: NetName=GND Pin=D?-6
Added Pin To Net: NetName=SIM_CLK Pin=D?-7
Added Pin To Net: NetName=GSM_SIM_CLK Pin=D?-8
Added Pin To Net: NetName=ESIM_CLK Pin=D?-9
Added Pin To Net: NetName=SIM_DATA Pin=D?-11
Added Pin To Net: NetName=GSM_SIM_DATA Pin=D?-12
Added Pin To Net: NetName=ESIM_DATA Pin=D?-13
Added Pin To Net: NetName=SIM_VDD Pin=D?-15
Added Pin To Net: NetName=GSM_SIM_VDD Pin=D?-16
Added Pin To Net: NetName=SIM_RST Pin=VD1-2
Added Pin To Net: NetName=SIM_VDD Pin=VD1-3
Added Pin To Net: NetName=SIM_CLK Pin=VD1-4
