Removed Pin From Net: NetName=SEL_SIM Pin=D6-7
Removed Pin From Net: NetName=CS_FLASH Pin=D6-33
Removed Pin From Net: NetName=MISO Pin=D6-34
Removed Pin From Net: NetName=CS_FLASH Pin=R9-1
Removed Pin From Net: NetName=MISO Pin=R10-1
Removed Pin From Net: NetName=GND Pin=SB13-2
Removed Pin From Net: NetName=GND Pin=SB15-2
Removed Pin From Net: NetName=Net*6_1 Pin=VT2-3
Removed Pin From Net: NetName=Net*5_1 Pin=VT3-3
Added Pin To Net: NetName=MISO Pin=D6-6
Added Pin To Net: NetName=CS_FLASH Pin=D6-7
Added Pin To Net: NetName=SEL_SIM Pin=D6-33
Added Pin To Net: NetName=Net*6_1 Pin=SB13-1
Added Pin To Net: NetName=Net*5_1 Pin=SB15-1
Added Pin To Net: NetName=GND Pin=VT2-2
Added Pin To Net: NetName=GND Pin=VT3-2
Added Pin To Net: NetName=NetD6_34 Pin=D6-34
Added Pin To Net: NetName=NetD6_34 Pin=R10-1
Added Net: Name=NetD6_34
Added Pin To Net: NetName=NetSB13_2 Pin=SB13-2
Added Pin To Net: NetName=NetSB13_2 Pin=VT2-3
Added Net: Name=NetSB13_2
Added Pin To Net: NetName=NetSB15_2 Pin=SB15-2
Added Pin To Net: NetName=NetSB15_2 Pin=VT3-3
Added Net: Name=NetSB15_2
