Change Component Designator: OldDesignator=*2 NewDesignator=X1
Change Component Designator: OldDesignator=*3 NewDesignator=X2
Change Component Designator: OldDesignator=*4 NewDesignator=X3
Change Component Designator: OldDesignator=*5 NewDesignator=X4
Change Component Designator: OldDesignator=*6 NewDesignator=X5
Change Component Designator: OldDesignator=*7 NewDesignator=X6
Change Component Designator: OldDesignator=*8 NewDesignator=X7
Change Component Designator: OldDesignator=*9 NewDesignator=X8
Change Component Designator: OldDesignator=*10 NewDesignator=X9
Change Component Designator: OldDesignator=*11 NewDesignator=X10
Change Component Designator: OldDesignator=*12 NewDesignator=X11
Change Component Designator: OldDesignator=*13 NewDesignator=X12
Change Component Designator: OldDesignator=*14 NewDesignator=X13
Change Component Designator: OldDesignator=*15 NewDesignator=X15
Change Component Designator: OldDesignator=*16 NewDesignator=X16
Change Component Designator: OldDesignator=*17 NewDesignator=*2
Change Component Designator: OldDesignator=*18 NewDesignator=*3
Change Component Designator: OldDesignator=*19 NewDesignator=X17
Change Component Designator: OldDesignator=*20 NewDesignator=X18
Change Component Designator: OldDesignator=X1 NewDesignator=X14
Change Net Name : Old Net Name=Net*2_1 New Net Name=NetR6_1
Change Net Name : Old Net Name=Net*3_1 New Net Name=NetR7_2
Change Net Name : Old Net Name=Net*4_1 New Net Name=NetSB8_1
Change Net Name : Old Net Name=Net*5_1 New Net Name=NetR8_2
Change Net Name : Old Net Name=Net*6_1 New Net Name=NetSB11_1
Change Net Name : Old Net Name=Net*7_1 New Net Name=NetR9_2
Change Net Name : Old Net Name=Net*8_1 New Net Name=NetR12_2
Change Net Name : Old Net Name=Net*15_1 New Net Name=NetD4_12
Change Net Name : Old Net Name=Net*17_1 New Net Name=Net*2_1
Change Net Name : Old Net Name=Net*18_1 New Net Name=Net*3_1
