Change Component Designator: OldDesignator=C1 NewDesignator=C2
Change Component Designator: OldDesignator=C2 NewDesignator=C1
Change Component Designator: OldDesignator=C5 NewDesignator=C6
Change Component Designator: OldDesignator=C6 NewDesignator=C5
Change Component Designator: OldDesignator=C15 NewDesignator=C18
Change Component Designator: OldDesignator=C? NewDesignator=C10
Change Component Designator: OldDesignator=C? NewDesignator=C11
Change Component Designator: OldDesignator=C? NewDesignator=C12
Change Component Designator: OldDesignator=C? NewDesignator=C15
Change Component Designator: OldDesignator=C? NewDesignator=C16
Change Component Designator: OldDesignator=C? NewDesignator=C17
Change Component Designator: OldDesignator=D1 NewDesignator=D4
Change Component Designator: OldDesignator=D2 NewDesignator=D1
Change Component Designator: OldDesignator=D3 NewDesignator=D2
Change Component Designator: OldDesignator=D4 NewDesignator=D3
Change Component Designator: OldDesignator=D? NewDesignator=D6
Change Component Designator: OldDesignator=D? NewDesignator=D10
Change Component Designator: OldDesignator=L? NewDesignator=L1
Change Component Designator: OldDesignator=L? NewDesignator=L2
Change Component Designator: OldDesignator=R11 NewDesignator=R12
Change Component Designator: OldDesignator=R12 NewDesignator=R11
Change Component Designator: OldDesignator=SB1 NewDesignator=SB4
Change Component Designator: OldDesignator=SB2 NewDesignator=SB1
Change Component Designator: OldDesignator=SB3 NewDesignator=SB6
Change Component Designator: OldDesignator=SB4 NewDesignator=SB2
Change Component Designator: OldDesignator=SB5 NewDesignator=SB3
Change Component Designator: OldDesignator=SB6 NewDesignator=SB5
Change Component Designator: OldDesignator=SB9 NewDesignator=SB10
Change Component Designator: OldDesignator=SB10 NewDesignator=SB9
Change Component Designator: OldDesignator=SB12 NewDesignator=SB13
Change Component Designator: OldDesignator=SB13 NewDesignator=SB12
Change Net Name : Old Net Name=NetC1_2 New Net Name=NetC2_2
Change Net Name : Old Net Name=NetC2_2 New Net Name=NetC1_2
Change Net Name : Old Net Name=NetC5_2 New Net Name=NetC6_2
Change Net Name : Old Net Name=NetC?_1 New Net Name=NetC15_2
Change Net Name : Old Net Name=NetC?_2 New Net Name=NetC12_2
Change Net Name : Old Net Name=NetD1_32 New Net Name=NetD4_32
Change Net Name : Old Net Name=NetD2_1 New Net Name=NetD1_1
Change Net Name : Old Net Name=NetD3_1 New Net Name=NetD2_1
Change Net Name : Old Net Name=NetD?_6 New Net Name=NetD6_6
Change Net Name : Old Net Name=NetD?_16 New Net Name=NetD6_16
Change Net Name : Old Net Name=NetD?_24 New Net Name=NetD6_24
Change Net Name : Old Net Name=NetD?_32 New Net Name=NetD6_32
Change Net Name : Old Net Name=NetD?_39 New Net Name=NetD6_39
Change Net Name : Old Net Name=NetL?_1 New Net Name=NetL1_2
Added Pin To Net: NetName=NetC10_2 Pin=C10-2
Added Pin To Net: NetName=NetC10_2 Pin=D6-11
Added Net: Name=NetC10_2
Added Pin To Net: NetName=NetC11_2 Pin=C11-2
Added Pin To Net: NetName=NetC11_2 Pin=D6-1
Added Net: Name=NetC11_2
Added Pin To Net: NetName=NetC17_2 Pin=C17-2
Added Pin To Net: NetName=NetC17_2 Pin=D6-21
Added Net: Name=NetC17_2
