Change Component Designator: OldDesignator=C1 NewDesignator=C2
Change Component Designator: OldDesignator=C2 NewDesignator=C3
Change Component Designator: OldDesignator=C3 NewDesignator=C4
Change Component Designator: OldDesignator=C4 NewDesignator=C5
Change Component Designator: OldDesignator=C5 NewDesignator=C6
Change Component Designator: OldDesignator=C6 NewDesignator=C7
Change Component Designator: OldDesignator=C7 NewDesignator=C8
Change Component Designator: OldDesignator=C8 NewDesignator=C9
Change Component Designator: OldDesignator=C9 NewDesignator=C10
Change Component Designator: OldDesignator=C10 NewDesignator=C11
Change Component Designator: OldDesignator=C11 NewDesignator=C12
Change Component Designator: OldDesignator=C12 NewDesignator=C13
Change Component Designator: OldDesignator=C13 NewDesignator=C14
Change Component Designator: OldDesignator=C14 NewDesignator=C15
Change Component Designator: OldDesignator=C15 NewDesignator=C16
Change Component Designator: OldDesignator=D1 NewDesignator=D2
Change Component Designator: OldDesignator=D2 NewDesignator=D3
Change Component Designator: OldDesignator=D3 NewDesignator=D4
Change Component Designator: OldDesignator=D4 NewDesignator=D5
Change Component Designator: OldDesignator=D5 NewDesignator=D6
Change Component Designator: OldDesignator=D6 NewDesignator=D7
Change Component Designator: OldDesignator=D7 NewDesignator=D8
Change Component Designator: OldDesignator=D8 NewDesignator=D9
Change Component Designator: OldDesignator=D9 NewDesignator=D10
Change Component Designator: OldDesignator=D10 NewDesignator=D11
Change Component Designator: OldDesignator=D11 NewDesignator=D12
Change Component Designator: OldDesignator=D? NewDesignator=D1
Change Component Designator: OldDesignator=R1 NewDesignator=R2
Change Component Designator: OldDesignator=R2 NewDesignator=R3
Change Component Designator: OldDesignator=R3 NewDesignator=R4
Change Component Designator: OldDesignator=R4 NewDesignator=R5
Change Component Designator: OldDesignator=R5 NewDesignator=R6
Change Component Designator: OldDesignator=R6 NewDesignator=R7
Change Component Designator: OldDesignator=R7 NewDesignator=R8
Change Component Designator: OldDesignator=R8 NewDesignator=R9
Change Component Designator: OldDesignator=R9 NewDesignator=R10
Change Component Designator: OldDesignator=R10 NewDesignator=R11
Change Component Designator: OldDesignator=R11 NewDesignator=R12
Change Component Designator: OldDesignator=R12 NewDesignator=R13
Change Component Designator: OldDesignator=R13 NewDesignator=R14
Change Component Designator: OldDesignator=R14 NewDesignator=R15
Change Component Designator: OldDesignator=X? NewDesignator=X1
Added Component: Designator=C1(C0402)
Add component. Clean all parameters for all variants
Added Component: Designator=R1(R0402)
Add component. Clean all parameters for all variants
Added Pin To Net: NetName=VBAT Pin=C1-1
Added Pin To Net: NetName=GND Pin=C1-2
Added Pin To Net: NetName=GND Pin=R1-2
Change Net Name : Old Net Name=NetC1_2 New Net Name=NetC2_2
Change Net Name : Old Net Name=NetC2_2 New Net Name=NetC3_2
Change Net Name : Old Net Name=NetC3_2 New Net Name=NetC4_2
Change Net Name : Old Net Name=NetC4_2 New Net Name=NetC5_2
Change Net Name : Old Net Name=NetC5_2 New Net Name=NetC6_2
Change Net Name : Old Net Name=NetC9_2 New Net Name=NetC10_2
Change Net Name : Old Net Name=NetC10_2 New Net Name=NetC11_2
Change Net Name : Old Net Name=NetC11_2 New Net Name=NetC12_2
Change Net Name : Old Net Name=NetC12_2 New Net Name=NetC13_2
Change Net Name : Old Net Name=NetD1_32 New Net Name=NetD2_32
Change Net Name : Old Net Name=NetD2_1 New Net Name=NetD3_1
Change Net Name : Old Net Name=NetD3_1 New Net Name=NetD4_1
Change Net Name : Old Net Name=NetD5_11 New Net Name=NetD6_11
Change Net Name : Old Net Name=NetD6_5 New Net Name=NetD7_5
Change Net Name : Old Net Name=NetD6_16 New Net Name=NetD7_16
Change Net Name : Old Net Name=NetD6_19 New Net Name=NetD7_19
Change Net Name : Old Net Name=NetD6_27 New Net Name=NetD7_27
Change Net Name : Old Net Name=NetD6_31 New Net Name=NetD7_31
Change Net Name : Old Net Name=NetD7_3 New Net Name=NetD8_3
Change Net Name : Old Net Name=NetD8_1 New Net Name=NetD9_1
Change Net Name : Old Net Name=NetD8_2 New Net Name=NetD9_2
Change Net Name : Old Net Name=NetR1_1 New Net Name=NetR2_1
Change Net Name : Old Net Name=NetR1_2 New Net Name=NetR2_2
Change Net Name : Old Net Name=NetR4_2 New Net Name=NetR5_2
