Added Component: Designator=*1(PinConnect)
Add component. Clean all parameters for all variants
Added Component: Designator=*2(PinConnect)
Add component. Clean all parameters for all variants
Added Component: Designator=*3(PinConnect)
Add component. Clean all parameters for all variants
Added Component: Designator=*4(PinConnect)
Add component. Clean all parameters for all variants
Added Component: Designator=*5(PinConnect)
Add component. Clean all parameters for all variants
Added Component: Designator=*6(PinConnect)
Add component. Clean all parameters for all variants
Added Component: Designator=*7(PinConnect)
Add component. Clean all parameters for all variants
Added Component: Designator=*8(PinConnect)
Add component. Clean all parameters for all variants
Added Component: Designator=*9(PinConnect)
Add component. Clean all parameters for all variants
Added Component: Designator=*10(PinConnect)
Add component. Clean all parameters for all variants
Added Component: Designator=*11(PinConnect)
Add component. Clean all parameters for all variants
Added Component: Designator=*12(PinConnect)
Add component. Clean all parameters for all variants
Added Component: Designator=*13(PinConnect)
Add component. Clean all parameters for all variants
Added Component: Designator=*14(PinConnect)
Add component. Clean all parameters for all variants
Added Component: Designator=*15(PinConnect)
Add component. Clean all parameters for all variants
Added Component: Designator=*16(PinConnect)
Add component. Clean all parameters for all variants
Added Component: Designator=*17(PinConnect)
Add component. Clean all parameters for all variants
Added Component: Designator=*18(PinConnect)
Add component. Clean all parameters for all variants
Added Component: Designator=*19(PinConnect)
Add component. Clean all parameters for all variants
Added Component: Designator=C1(C0402)
Add component. Clean all parameters for all variants
Added Component: Designator=C2(C_TYPE_D)
Add component. Clean all parameters for all variants
Added Component: Designator=C3(C0402)
Add component. Clean all parameters for all variants
Added Component: Designator=C4(C0402)
Add component. Clean all parameters for all variants
Added Component: Designator=C5(C0402)
Add component. Clean all parameters for all variants
Added Component: Designator=C6(C0402)
Add component. Clean all parameters for all variants
Added Component: Designator=C7(C0402)
Add component. Clean all parameters for all variants
Added Component: Designator=C8(C0402)
Add component. Clean all parameters for all variants
Added Component: Designator=C9(C0402)
Add component. Clean all parameters for all variants
Added Component: Designator=C10(C0402)
Add component. Clean all parameters for all variants
Added Component: Designator=C11(C0402)
Add component. Clean all parameters for all variants
Added Component: Designator=C12(C0402)
Add component. Clean all parameters for all variants
Added Component: Designator=C13(C0402)
Add component. Clean all parameters for all variants
Added Component: Designator=C14(C0402)
Add component. Clean all parameters for all variants
Added Component: Designator=C15(C0402)
Add component. Clean all parameters for all variants
Added Component: Designator=C16(C0402)
Add component. Clean all parameters for all variants
Added Component: Designator=C17(C0402)
Add component. Clean all parameters for all variants
Added Component: Designator=C18(C0402)
Add component. Clean all parameters for all variants
Added Component: Designator=C19(C0402)
Add component. Clean all parameters for all variants
Added Component: Designator=C20(C0402)
Add component. Clean all parameters for all variants
Added Component: Designator=C21(C0402)
Add component. Clean all parameters for all variants
Added Component: Designator=C22(C0402)
Add component. Clean all parameters for all variants
Added Component: Designator=C23(C0402)
Add component. Clean all parameters for all variants
Added Component: Designator=D1(LL4148)
Add component. Clean all parameters for all variants
Added Component: Designator=D2(LL4148)
Add component. Clean all parameters for all variants
Added Component: Designator=D3(QFN14)
Add component. Clean all parameters for all variants
Added Component: Designator=D4(SIM7020E)
Add component. Clean all parameters for all variants
Added Component: Designator=D5(LGA12)
Add component. Clean all parameters for all variants
Added Component: Designator=D6(QFN40)
Add component. Clean all parameters for all variants
Added Component: Designator=D7(DFN2626-10)
Add component. Clean all parameters for all variants
Added Component: Designator=D8(TDFN4)
Add component. Clean all parameters for all variants
Added Component: Designator=D9(VQFN8)
Add component. Clean all parameters for all variants
Added Component: Designator=D10(QFN16)
Add component. Clean all parameters for all variants
Added Component: Designator=D11(WLCSP8)
Add component. Clean all parameters for all variants
Added Component: Designator=D12(104224-0820)
Add component. Clean all parameters for all variants
Added Component: Designator=J1(U.FL)
Add component. Clean all parameters for all variants
Added Component: Designator=J2(ZigZag_PIFA)
Add component. Clean all parameters for all variants
Added Component: Designator=L1(L0402)
Add component. Clean all parameters for all variants
Added Component: Designator=L2(L0402)
Add component. Clean all parameters for all variants
Added Component: Designator=R1(R0402)
Add component. Clean all parameters for all variants
Added Component: Designator=R2(R0402)
Add component. Clean all parameters for all variants
Added Component: Designator=R3(R0402)
Add component. Clean all parameters for all variants
Added Component: Designator=R4(R0402)
Add component. Clean all parameters for all variants
Added Component: Designator=R5(R0402)
Add component. Clean all parameters for all variants
Added Component: Designator=R6(R0402)
Add component. Clean all parameters for all variants
Added Component: Designator=R7(R0402)
Add component. Clean all parameters for all variants
Added Component: Designator=R8(R0402)
Add component. Clean all parameters for all variants
Added Component: Designator=R9(R0402)
Add component. Clean all parameters for all variants
Added Component: Designator=R10(R0402)
Add component. Clean all parameters for all variants
Added Component: Designator=R11(R0402)
Add component. Clean all parameters for all variants
Added Component: Designator=R12(R0402)
Add component. Clean all parameters for all variants
Added Component: Designator=R13(R0402)
Add component. Clean all parameters for all variants
Added Component: Designator=R14(R0402)
Add component. Clean all parameters for all variants
Added Component: Designator=R15(R0402)
Add component. Clean all parameters for all variants
Added Component: Designator=R16(R0402)
Add component. Clean all parameters for all variants
Added Component: Designator=R17(R0402)
Add component. Clean all parameters for all variants
Added Component: Designator=SB1(SB)
Add component. Clean all parameters for all variants
Added Component: Designator=SB2(SB)
Add component. Clean all parameters for all variants
Added Component: Designator=SB3(SB)
Add component. Clean all parameters for all variants
Added Component: Designator=SB4(SB)
Add component. Clean all parameters for all variants
Added Component: Designator=SB5(SB)
Add component. Clean all parameters for all variants
Added Component: Designator=SB6(SB)
Add component. Clean all parameters for all variants
Added Component: Designator=SB7(SB)
Add component. Clean all parameters for all variants
Added Component: Designator=SB8(SB)
Add component. Clean all parameters for all variants
Added Component: Designator=SB9(SB)
Add component. Clean all parameters for all variants
Added Component: Designator=SB10(SB)
Add component. Clean all parameters for all variants
Added Component: Designator=SB11(SB)
Add component. Clean all parameters for all variants
Added Component: Designator=SB12(SB)
Add component. Clean all parameters for all variants
Added Component: Designator=SB13(SB)
Add component. Clean all parameters for all variants
Added Component: Designator=SB14(SB)
Add component. Clean all parameters for all variants
Added Component: Designator=SB15(SB)
Add component. Clean all parameters for all variants
Added Component: Designator=T1(CSD17483F4)
Add component. Clean all parameters for all variants
Added Component: Designator=VD1(sot-363)
Add component. Clean all parameters for all variants
Added Component: Designator=VT1(CSD17483F4)
Add component. Clean all parameters for all variants
Added Component: Designator=VT2(CSD17483F4)
Add component. Clean all parameters for all variants
Added Component: Designator=VT3(CSD17483F4)
Add component. Clean all parameters for all variants
Added Component: Designator=XTAL1(NX2012SA)
Add component. Clean all parameters for all variants
Added Component: Designator=XTAL2(NX3215SA)
Add component. Clean all parameters for all variants
Added Component: Designator=XTAL3(NX2016SA)
Add component. Clean all parameters for all variants
Added Pin To Net: NetName=Net*1_1 Pin=*1-1
Added Pin To Net: NetName=Net*1_1 Pin=*1-1
Added Pin To Net: NetName=Net*2_1 Pin=*2-1
Added Pin To Net: NetName=Net*2_1 Pin=*2-1
Added Pin To Net: NetName=Net*3_1 Pin=*3-1
Added Pin To Net: NetName=Net*3_1 Pin=*3-1
Added Pin To Net: NetName=Net*4_1 Pin=*4-1
Added Pin To Net: NetName=Net*4_1 Pin=*4-1
Added Pin To Net: NetName=Net*5_1 Pin=*5-1
Added Pin To Net: NetName=Net*5_1 Pin=*5-1
Added Pin To Net: NetName=Net*6_1 Pin=*6-1
Added Pin To Net: NetName=Net*6_1 Pin=*6-1
Added Pin To Net: NetName=Net*7_1 Pin=*7-1
Added Pin To Net: NetName=Net*7_1 Pin=*7-1
Added Pin To Net: NetName=Net*8_1 Pin=*8-1
Added Pin To Net: NetName=Net*8_1 Pin=*8-1
Added Pin To Net: NetName=Net*9_1 Pin=*9-1
Added Pin To Net: NetName=Net*9_1 Pin=*9-1
Added Pin To Net: NetName=GND Pin=*11-1
Added Pin To Net: NetName=GND Pin=*11-1
Added Pin To Net: NetName=VBAT Pin=*12-1
Added Pin To Net: NetName=VBAT Pin=*12-1
Added Pin To Net: NetName=3V3 Pin=*13-1
Added Pin To Net: NetName=3V3 Pin=*13-1
Added Pin To Net: NetName=3V3 Pin=*14-1
Added Pin To Net: NetName=3V3 Pin=*14-1
Added Pin To Net: NetName=GND Pin=*15-1
Added Pin To Net: NetName=GND Pin=*15-1
Added Pin To Net: NetName=GND Pin=*16-1
Added Pin To Net: NetName=GND Pin=*16-1
Added Pin To Net: NetName=MEMS_INT1 Pin=*17-1
Added Pin To Net: NetName=MEMS_INT1 Pin=*17-1
Added Pin To Net: NetName=Net*18_1 Pin=*18-1
Added Pin To Net: NetName=Net*18_1 Pin=*18-1
Added Pin To Net: NetName=GND Pin=C1-1
Added Pin To Net: NetName=NetC1_2 Pin=C1-2
Added Pin To Net: NetName=GND Pin=C2-2
Added Pin To Net: NetName=GND Pin=C3-1
Added Pin To Net: NetName=NetC3_2 Pin=C3-2
Added Pin To Net: NetName=3V3 Pin=C4-1
Added Pin To Net: NetName=GND Pin=C4-2
Added Pin To Net: NetName=GND Pin=C5-1
Added Pin To Net: NetName=NetC5_2 Pin=C5-2
Added Pin To Net: NetName=GND Pin=C6-1
Added Pin To Net: NetName=NetC6_2 Pin=C6-2
Added Pin To Net: NetName=GND Pin=C7-1
Added Pin To Net: NetName=VBAT Pin=C7-2
Added Pin To Net: NetName=GND Pin=C8-1
Added Pin To Net: NetName=GND Pin=C9-1
Added Pin To Net: NetName=GND Pin=C10-1
Added Pin To Net: NetName=3V3 Pin=C10-2
Added Pin To Net: NetName=GND Pin=C11-1
Added Pin To Net: NetName=NetC11_2 Pin=C11-2
Added Pin To Net: NetName=GND Pin=C12-1
Added Pin To Net: NetName=NetC11_2 Pin=C12-2
Added Pin To Net: NetName=GND Pin=C13-1
Added Pin To Net: NetName=NetC13_2 Pin=C13-2
Added Pin To Net: NetName=GND Pin=C14-1
Added Pin To Net: NetName=MEMS_INT1 Pin=C14-2
Added Pin To Net: NetName=GND Pin=C15-1
Added Pin To Net: NetName=NetC15_2 Pin=C15-2
Added Pin To Net: NetName=GND Pin=C16-1
Added Pin To Net: NetName=NetC16_2 Pin=C16-2
Added Pin To Net: NetName=GND Pin=C17-1
Added Pin To Net: NetName=NetC17_2 Pin=C17-2
Added Pin To Net: NetName=GND Pin=C18-1
Added Pin To Net: NetName=3V3 Pin=C18-2
Added Pin To Net: NetName=GND Pin=C19-1
Added Pin To Net: NetName=3V3 Pin=C19-2
Added Pin To Net: NetName=GND Pin=C20-1
Added Pin To Net: NetName=NetC20_2 Pin=C20-2
Added Pin To Net: NetName=NetC20_2 Pin=C21-1
Added Pin To Net: NetName=GND Pin=C21-2
Added Pin To Net: NetName=GND Pin=C22-1
Added Pin To Net: NetName=NetC22_2 Pin=C22-2
Added Pin To Net: NetName=GND Pin=C23-1
Added Pin To Net: NetName=3V3 Pin=C23-2
Added Pin To Net: NetName=NetD1_1 Pin=D1-1
Added Pin To Net: NetName=VBAT Pin=D1-2
Added Pin To Net: NetName=NetD2_1 Pin=D2-1
Added Pin To Net: NetName=NetD1_1 Pin=D2-2
Added Pin To Net: NetName=GSM_1V8 Pin=D3-1
Added Pin To Net: NetName=GSM_TX Pin=D3-2
Added Pin To Net: NetName=GSM_RX Pin=D3-3
Added Pin To Net: NetName=GND Pin=D3-7
Added Pin To Net: NetName=GSM_1V8 Pin=D3-8
Added Pin To Net: NetName=MPU_TX Pin=D3-12
Added Pin To Net: NetName=MPU_RX Pin=D3-13
Added Pin To Net: NetName=3V3 Pin=D3-14
Added Pin To Net: NetName=GSM_TX Pin=D4-1
Added Pin To Net: NetName=GSM_RX Pin=D4-2
Added Pin To Net: NetName=GND Pin=D4-8
Added Pin To Net: NetName=GND Pin=D4-13
Added Pin To Net: NetName=GSM_SIM_DET Pin=D4-14
Added Pin To Net: NetName=GSM_SIM_DATA Pin=D4-15
Added Pin To Net: NetName=GSM_SIM_CLK Pin=D4-16
Added Pin To Net: NetName=GSM_SIM_RST Pin=D4-17
Added Pin To Net: NetName=GSM_SIM_VDD Pin=D4-18
Added Pin To Net: NetName=GND Pin=D4-19
Added Pin To Net: NetName=GND Pin=D4-21
Added Pin To Net: NetName=GND Pin=D4-27
Added Pin To Net: NetName=GND Pin=D4-30
Added Pin To Net: NetName=GND Pin=D4-31
Added Pin To Net: NetName=NetD4_32 Pin=D4-32
Added Pin To Net: NetName=GND Pin=D4-33
Added Pin To Net: NetName=GND Pin=D4-36
Added Pin To Net: NetName=GND Pin=D4-37
Added Pin To Net: NetName=GSM_PWRKEY Pin=D4-39
Added Pin To Net: NetName=GSM_1V8 Pin=D4-40
Added Pin To Net: NetName=GSM_STATUS Pin=D4-42
Added Pin To Net: NetName=MEMS_SCL Pin=D5-1
Added Pin To Net: NetName=NetC1_2 Pin=D5-2
Added Pin To Net: NetName=NetC1_2 Pin=D5-3
Added Pin To Net: NetName=MEMS_SDA Pin=D5-4
Added Pin To Net: NetName=GND Pin=D5-5
Added Pin To Net: NetName=GND Pin=D5-6
Added Pin To Net: NetName=GND Pin=D5-7
Added Pin To Net: NetName=GND Pin=D5-8
Added Pin To Net: NetName=NetC1_2 Pin=D5-9
Added Pin To Net: NetName=NetC1_2 Pin=D5-10
Added Pin To Net: NetName=NetD5_11 Pin=D5-11
Added Pin To Net: NetName=MEMS_INT1 Pin=D5-12
Added Pin To Net: NetName=NetC16_2 Pin=D6-1
Added Pin To Net: NetName=NetC6_2 Pin=D6-2
Added Pin To Net: NetName=NetC13_2 Pin=D6-3
Added Pin To Net: NetName=MOSI Pin=D6-4
Added Pin To Net: NetName=MISO Pin=D6-5
Added Pin To Net: NetName=NetD6_6 Pin=D6-6
Added Pin To Net: NetName=SEL_SIM Pin=D6-7
Added Pin To Net: NetName=3V3 Pin=D6-8
Added Pin To Net: NetName=3V3 Pin=D6-9
Added Pin To Net: NetName=NetC15_2 Pin=D6-11
Added Pin To Net: NetName=GSM_PWRKEY Pin=D6-14
Added Pin To Net: NetName=MPU_TX Pin=D6-15
Added Pin To Net: NetName=MEMS_INT1 Pin=D6-16
Added Pin To Net: NetName=MPU_RX Pin=D6-17
Added Pin To Net: NetName=3V3 Pin=D6-18
Added Pin To Net: NetName=Net*18_1 Pin=D6-19
Added Pin To Net: NetName=NetC22_2 Pin=D6-21
Added Pin To Net: NetName=NetC11_2 Pin=D6-22
Added Pin To Net: NetName=NetD6_24 Pin=D6-24
Added Pin To Net: NetName=GND Pin=D6-25
Added Pin To Net: NetName=NetC20_2 Pin=D6-26
Added Pin To Net: NetName=NetC17_2 Pin=D6-27
Added Pin To Net: NetName=NetC3_2 Pin=D6-28
Added Pin To Net: NetName=NetC5_2 Pin=D6-29
Added Pin To Net: NetName=3V3 Pin=D6-30
Added Pin To Net: NetName=GSM_PWR Pin=D6-31
Added Pin To Net: NetName=CS_FLASH Pin=D6-33
Added Pin To Net: NetName=SCK Pin=D6-34
Added Pin To Net: NetName=MEMS_SDA Pin=D6-35
Added Pin To Net: NetName=MEMS_SCL Pin=D6-36
Added Pin To Net: NetName=GND Pin=D6-37
Added Pin To Net: NetName=NetC20_2 Pin=D6-38
Added Pin To Net: NetName=NetD6_39 Pin=D6-39
Added Pin To Net: NetName=3V3 Pin=D6-40
Added Pin To Net: NetName=GND Pin=D6-41
Added Pin To Net: NetName=NetD7_1 Pin=D7-1
Added Pin To Net: NetName=NetD7_2 Pin=D7-2
Added Pin To Net: NetName=MEMS_INT1 Pin=D7-4
Added Pin To Net: NetName=GND Pin=D7-5
Added Pin To Net: NetName=GND Pin=D7-5
Added Pin To Net: NetName=MEMS_SDA Pin=D7-6
Added Pin To Net: NetName=MEMS_SCL Pin=D7-7
Added Pin To Net: NetName=3V3 Pin=D7-10
Added Pin To Net: NetName=3V3 Pin=D8-1
Added Pin To Net: NetName=GND Pin=D8-2
Added Pin To Net: NetName=NetD8_3 Pin=D8-3
Added Pin To Net: NetName=VBAT Pin=D8-4
Added Pin To Net: NetName=GND Pin=D9-1
Added Pin To Net: NetName=ESIM_DATA Pin=D9-3
Added Pin To Net: NetName=ESIM_CLK Pin=D9-6
Added Pin To Net: NetName=ESIM_RST Pin=D9-7
Added Pin To Net: NetName=ESIM_VDD Pin=D9-8
Added Pin To Net: NetName=ESIM_VDD Pin=D10-1
Added Pin To Net: NetName=SEL_SIM Pin=D10-2
Added Pin To Net: NetName=SIM_RST Pin=D10-3
Added Pin To Net: NetName=GSM_SIM_RST Pin=D10-4
Added Pin To Net: NetName=ESIM_RST Pin=D10-5
Added Pin To Net: NetName=GND Pin=D10-6
Added Pin To Net: NetName=SIM_CLK Pin=D10-7
Added Pin To Net: NetName=GSM_SIM_CLK Pin=D10-8
Added Pin To Net: NetName=ESIM_CLK Pin=D10-9
Added Pin To Net: NetName=SEL_SIM Pin=D10-10
Added Pin To Net: NetName=SIM_DATA Pin=D10-11
Added Pin To Net: NetName=GSM_SIM_DATA Pin=D10-12
Added Pin To Net: NetName=ESIM_DATA Pin=D10-13
Added Pin To Net: NetName=SIM_VDD Pin=D10-15
Added Pin To Net: NetName=GSM_SIM_VDD Pin=D10-16
Added Pin To Net: NetName=3V3 Pin=D11-A1
Added Pin To Net: NetName=CS_FLASH Pin=D11-A2
Added Pin To Net: NetName=3V3 Pin=D11-B1
Added Pin To Net: NetName=MISO Pin=D11-B2
Added Pin To Net: NetName=SCK Pin=D11-C1
Added Pin To Net: NetName=3V3 Pin=D11-C2
Added Pin To Net: NetName=MOSI Pin=D11-D1
Added Pin To Net: NetName=GND Pin=D11-D2
Added Pin To Net: NetName=SIM_VDD Pin=D12-1
Added Pin To Net: NetName=SIM_RST Pin=D12-2
Added Pin To Net: NetName=SIM_CLK Pin=D12-3
Added Pin To Net: NetName=GND Pin=D12-4
Added Pin To Net: NetName=GND Pin=D12-4
Added Pin To Net: NetName=GND Pin=D12-4
Added Pin To Net: NetName=GND Pin=D12-4
Added Pin To Net: NetName=GND Pin=D12-4
Added Pin To Net: NetName=SIM_DATA Pin=D12-6
Added Pin To Net: NetName=NetD4_32 Pin=J1-1
Added Pin To Net: NetName=GND Pin=J1-2
Added Pin To Net: NetName=GND Pin=J1-2
Added Pin To Net: NetName=NetD6_24 Pin=J2-1
Added Pin To Net: NetName=NetD6_39 Pin=L1-1
Added Pin To Net: NetName=NetL1_2 Pin=L1-2
Added Pin To Net: NetName=NetL1_2 Pin=L2-1
Added Pin To Net: NetName=NetC20_2 Pin=L2-2
Added Pin To Net: NetName=NetR1_1 Pin=R1-1
Added Pin To Net: NetName=GSM_PWR Pin=R1-2
Added Pin To Net: NetName=NetR2_1 Pin=R2-1
Added Pin To Net: NetName=GND Pin=R2-2
Added Pin To Net: NetName=GND Pin=R3-1
Added Pin To Net: NetName=NetR3_2 Pin=R3-2
Added Pin To Net: NetName=NetR3_2 Pin=R4-1
Added Pin To Net: NetName=NetD6_6 Pin=R4-2
Added Pin To Net: NetName=NetR2_1 Pin=R5-1
Added Pin To Net: NetName=Net*2_1 Pin=R6-1
Added Pin To Net: NetName=NetR2_1 Pin=R6-2
Added Pin To Net: NetName=MOSI Pin=R7-1
Added Pin To Net: NetName=Net*3_1 Pin=R7-2
Added Pin To Net: NetName=MISO Pin=R8-1
Added Pin To Net: NetName=Net*4_1 Pin=R8-2
Added Pin To Net: NetName=CS_FLASH Pin=R9-1
Added Pin To Net: NetName=Net*7_1 Pin=R9-2
Added Pin To Net: NetName=SCK Pin=R10-1
Added Pin To Net: NetName=Net*8_1 Pin=R10-2
Added Pin To Net: NetName=MEMS_SDA Pin=R11-1
Added Pin To Net: NetName=Net*9_1 Pin=R11-2
Added Pin To Net: NetName=MEMS_SCL Pin=R12-1
Added Pin To Net: NetName=3V3 Pin=R12-2
Added Pin To Net: NetName=MEMS_SDA Pin=R13-1
Added Pin To Net: NetName=3V3 Pin=R13-2
Added Pin To Net: NetName=MEMS_SCL Pin=R14-1
Added Pin To Net: NetName=MEMS_INT1 Pin=R15-1
Added Pin To Net: NetName=3V3 Pin=R15-2
Added Pin To Net: NetName=GND Pin=R16-2
Added Pin To Net: NetName=NetC11_2 Pin=R17-1
Added Pin To Net: NetName=MPU_TX Pin=SB1-1
Added Pin To Net: NetName=GSM_RX Pin=SB1-2
Added Pin To Net: NetName=MPU_RX Pin=SB2-1
Added Pin To Net: NetName=GSM_TX Pin=SB2-2
Added Pin To Net: NetName=3V3 Pin=SB3-1
Added Pin To Net: NetName=NetD1_1 Pin=SB3-2
Added Pin To Net: NetName=3V3 Pin=SB4-1
Added Pin To Net: NetName=NetR1_1 Pin=SB4-2
Added Pin To Net: NetName=NetD2_1 Pin=SB5-1
Added Pin To Net: NetName=NetC1_2 Pin=SB5-2
Added Pin To Net: NetName=VBAT Pin=SB6-1
Added Pin To Net: NetName=NetR1_1 Pin=SB6-2
Added Pin To Net: NetName=3V3 Pin=SB7-1
Added Pin To Net: NetName=NetC1_2 Pin=SB7-2
Added Pin To Net: NetName=MEMS_INT1 Pin=SB8-1
Added Pin To Net: NetName=NetD5_11 Pin=SB8-2
Added Pin To Net: NetName=Net*1_1 Pin=SB9-1
Added Pin To Net: NetName=NetR3_2 Pin=SB9-2
Added Pin To Net: NetName=Net*1_1 Pin=SB10-1
Added Pin To Net: NetName=NetSB10_2 Pin=SB10-2
Added Pin To Net: NetName=NetC11_2 Pin=SB11-2
Added Pin To Net: NetName=NetSB13_1 Pin=SB13-1
Added Pin To Net: NetName=GND Pin=SB13-2
Added Pin To Net: NetName=VBAT Pin=SB14-1
Added Pin To Net: NetName=NetD8_3 Pin=SB14-2
Added Pin To Net: NetName=NetSB15_1 Pin=SB15-1
Added Pin To Net: NetName=GND Pin=SB15-2
Added Pin To Net: NetName=GSM_PWR Pin=T1-1
Added Pin To Net: NetName=NetR1_1 Pin=T1-2
Added Pin To Net: NetName=SIM_RST Pin=VD1-2
Added Pin To Net: NetName=SIM_VDD Pin=VD1-3
Added Pin To Net: NetName=SIM_CLK Pin=VD1-4
Added Pin To Net: NetName=SIM_DATA Pin=VD1-5
Added Pin To Net: NetName=GND Pin=VD1-6
Added Pin To Net: NetName=NetR3_2 Pin=VT1-1
Added Pin To Net: NetName=GND Pin=VT1-2
Added Pin To Net: NetName=NetSB10_2 Pin=VT1-3
Added Pin To Net: NetName=NetSB13_1 Pin=VT2-2
Added Pin To Net: NetName=Net*6_1 Pin=VT2-3
Added Pin To Net: NetName=NetC11_2 Pin=VT3-1
Added Pin To Net: NetName=NetSB15_1 Pin=VT3-2
Added Pin To Net: NetName=Net*5_1 Pin=VT3-3
Added Pin To Net: NetName=NetC5_2 Pin=XTAL1-1
Added Pin To Net: NetName=NetC3_2 Pin=XTAL1-2
Added Pin To Net: NetName=NetD7_2 Pin=XTAL2-1
Added Pin To Net: NetName=NetD7_1 Pin=XTAL2-2
Added Pin To Net: NetName=NetC13_2 Pin=XTAL3-1
Added Pin To Net: NetName=NetC6_2 Pin=XTAL3-2
Added Pin To Net: NetName=GSM_VDD Pin=C2-1
Added Pin To Net: NetName=GSM_VDD Pin=D4-34
Added Pin To Net: NetName=GSM_VDD Pin=D4-35
Added Pin To Net: NetName=GSM_VDD Pin=D10-14
Added Pin To Net: NetName=GSM_VDD Pin=T1-3
Added Net: Name=GSM_VDD
Added Pin To Net: NetName=Net*10_1 Pin=*10-1
Added Pin To Net: NetName=Net*10_1 Pin=*10-1
Added Pin To Net: NetName=Net*10_1 Pin=R14-2
Added Net: Name=Net*10_1
Added Pin To Net: NetName=Net*19_1 Pin=*19-1
Added Pin To Net: NetName=Net*19_1 Pin=*19-1
Added Pin To Net: NetName=Net*19_1 Pin=D6-20
Added Net: Name=Net*19_1
Added Pin To Net: NetName=NetC8_2 Pin=C8-2
Added Pin To Net: NetName=NetC8_2 Pin=C9-2
Added Pin To Net: NetName=NetC8_2 Pin=D6-23
Added Pin To Net: NetName=NetC8_2 Pin=SB12-2
Added Pin To Net: NetName=NetC8_2 Pin=VT2-1
Added Net: Name=NetC8_2
Added Pin To Net: NetName=NetD6_32 Pin=D6-32
Added Pin To Net: NetName=NetD6_32 Pin=R5-2
Added Net: Name=NetD6_32
