Removed Pin From Net: NetName=GND Pin=C10-1
Removed Pin From Net: NetName=GND Pin=C11-1
Removed Pin From Net: NetName=GND Pin=C12-1
Added Component: Designator=C?(C0402)
Added Component: Designator=C?(C0402)
Added Component: Designator=C?(C0402)
Added Component: Designator=C?(C0402)
Added Component: Designator=C?(C0402)
Added Component: Designator=C?(C0402)
Added Component: Designator=L?(L0402)
Added Component: Designator=L?(L0402)
Added Pin To Net: NetName=GND Pin=C?-1
Added Pin To Net: NetName=GND Pin=C?-1
Added Pin To Net: NetName=GND Pin=C?-1
Added Pin To Net: NetName=GND Pin=C?-1
Added Pin To Net: NetName=GND Pin=C?-1
Added Pin To Net: NetName=GND Pin=C?-2
Added Pin To Net: NetName=NetC?_1 Pin=C?-1
Added Pin To Net: NetName=NetC?_1 Pin=C?-2
Added Pin To Net: NetName=NetC?_1 Pin=D?-26
Added Pin To Net: NetName=NetC?_1 Pin=D?-38
Added Pin To Net: NetName=NetC?_1 Pin=L?-2
Added Net: Name=NetC?_1
Added Pin To Net: NetName=NetC?_2 Pin=C?-2
Added Pin To Net: NetName=NetC?_2 Pin=D?-27
Added Net: Name=NetC?_2
Added Pin To Net: NetName=NetD?_39 Pin=D?-39
Added Pin To Net: NetName=NetD?_39 Pin=L?-1
Added Net: Name=NetD?_39
Added Pin To Net: NetName=NetL?_1 Pin=L?-1
Added Pin To Net: NetName=NetL?_1 Pin=L?-2
Added Net: Name=NetL?_1
