Removed Pin From Net: NetName=NetC3_2 Pin=D6-2
Removed Pin From Net: NetName=NetC4_2 Pin=D6-3
Removed Pin From Net: NetName=GSM_PWRKEY Pin=D6-4
Removed Pin From Net: NetName=MPU_TX Pin=D6-6
Removed Pin From Net: NetName=MPU_RX Pin=D6-7
Removed Pin From Net: NetName=GSM_PWR Pin=D6-8
Removed Pin From Net: NetName=3V3 Pin=D6-9
Removed Pin From Net: NetName=MEMS_VDD Pin=D6-10
Removed Pin From Net: NetName=MISO Pin=D6-11
Removed Pin From Net: NetName=CS_FLASH Pin=D6-12
Removed Pin From Net: NetName=SCK Pin=D6-13
Removed Pin From Net: NetName=MEMS_SDA Pin=D6-14
Removed Pin From Net: NetName=MEMS_SCL Pin=D6-15
Removed Pin From Net: NetName=GND Pin=D6-20
Removed Pin From Net: NetName=NetC5_2 Pin=D6-23
Removed Pin From Net: NetName=NetC9_2 Pin=D6-24
Removed Pin From Net: NetName=3V3 Pin=D6-25
Removed Pin From Net: NetName=MOSI Pin=D6-26
Removed Pin From Net: NetName=Net*3_1 Pin=D6-28
Removed Pin From Net: NetName=GND Pin=D6-29
Removed Pin From Net: NetName=3V3 Pin=D6-32
Added Component: Designator=D?(QFN40)
Added Pin To Net: NetName=3V3 Pin=D?-8
Added Pin To Net: NetName=3V3 Pin=D?-9
Added Pin To Net: NetName=3V3 Pin=D?-18
Added Pin To Net: NetName=GND Pin=D?-25
Added Pin To Net: NetName=3V3 Pin=D?-30
Added Pin To Net: NetName=GND Pin=D?-37
Added Pin To Net: NetName=3V3 Pin=D?-40
Added Pin To Net: NetName=GND Pin=D?-41
