Removed Pin From Net: NetName=GND Pin=*7-1
Removed Pin From Net: NetName=GND Pin=*7-1
Removed Pin From Net: NetName=GND Pin=*11-1
Removed Pin From Net: NetName=GND Pin=*11-1
Removed Pin From Net: NetName=GND Pin=*12-1
Removed Pin From Net: NetName=GND Pin=*12-1
Removed Pin From Net: NetName=GND Pin=C1-1
Removed Pin From Net: NetName=GND Pin=C2-1
Removed Pin From Net: NetName=GND Pin=C3-1
Removed Pin From Net: NetName=GND Pin=C4-1
Removed Pin From Net: NetName=GND Pin=C5-1
Removed Pin From Net: NetName=GND Pin=C6-2
Removed Pin From Net: NetName=GND Pin=C7-1
Removed Pin From Net: NetName=GND Pin=C8-1
Removed Pin From Net: NetName=GND Pin=C9-1
Removed Pin From Net: NetName=GND Pin=C10-1
Removed Pin From Net: NetName=GND Pin=C11-1
Removed Pin From Net: NetName=GND Pin=C12-1
Removed Pin From Net: NetName=GND Pin=C13-1
Removed Pin From Net: NetName=GND Pin=D1-8
Removed Pin From Net: NetName=GND Pin=D1-13
Removed Pin From Net: NetName=GND Pin=D1-19
Removed Pin From Net: NetName=GND Pin=D1-21
Removed Pin From Net: NetName=GND Pin=D1-27
Removed Pin From Net: NetName=GND Pin=D1-30
Removed Pin From Net: NetName=GND Pin=D1-31
Removed Pin From Net: NetName=GND Pin=D1-33
Removed Pin From Net: NetName=GND Pin=D1-36
Removed Pin From Net: NetName=GND Pin=D1-37
Removed Pin From Net: NetName=GND Pin=D4-7
Removed Pin From Net: NetName=GND Pin=D5-5
Removed Pin From Net: NetName=GND Pin=D5-6
Removed Pin From Net: NetName=GND Pin=D5-7
Removed Pin From Net: NetName=GND Pin=D5-8
Removed Pin From Net: NetName=GND Pin=D6-20
Removed Pin From Net: NetName=GND Pin=D6-29
Removed Pin From Net: NetName=GND Pin=D7-2
Removed Pin From Net: NetName=GND Pin=D8-1
Removed Pin From Net: NetName=GND Pin=D9-4
Removed Pin From Net: NetName=GND Pin=D9-4
Removed Pin From Net: NetName=GND Pin=D9-4
Removed Pin From Net: NetName=GND Pin=D9-4
Removed Pin From Net: NetName=GND Pin=D9-4
Removed Pin From Net: NetName=GND Pin=D?-23
Removed Pin From Net: NetName=GND Pin=D?-24
Removed Pin From Net: NetName=GND Pin=D?-25
Removed Pin From Net: NetName=GND Pin=D?-27
Removed Pin From Net: NetName=GND Pin=D?-28
Removed Pin From Net: NetName=GND Pin=D?-30
Removed Pin From Net: NetName=GND Pin=D?-31
Removed Pin From Net: NetName=GND Pin=D?-43
Removed Pin From Net: NetName=GND Pin=D?-52
Removed Pin From Net: NetName=GND Pin=D?-53
Removed Pin From Net: NetName=GND Pin=D?-54
Removed Pin From Net: NetName=GND Pin=D?-55
Removed Pin From Net: NetName=GND Pin=D?-56
Removed Pin From Net: NetName=GND Pin=D?-58
Removed Pin From Net: NetName=GND Pin=D?-65
Removed Pin From Net: NetName=GND Pin=D?-66
Removed Pin From Net: NetName=GND Pin=D?-73
Removed Pin From Net: NetName=GND Pin=D?-74
Removed Pin From Net: NetName=GND Pin=D?-75
Removed Pin From Net: NetName=GND Pin=D?-84
Removed Pin From Net: NetName=GND Pin=D?-85
Removed Pin From Net: NetName=GND Pin=D?-86
Removed Pin From Net: NetName=GND Pin=D?-88
Removed Pin From Net: NetName=GND Pin=D?-89
Removed Pin From Net: NetName=GND Pin=J1-2
Removed Pin From Net: NetName=GND Pin=J1-2
Removed Pin From Net: NetName=GND Pin=R2-1
Removed Pin From Net: NetName=GND Pin=VT1-2
Change Component Footprint: Designator=D? Old Footprint=SIM7090G New Footprint=QFN32_nrf52811
Change Component Comment : Designator=D? Old Comment=SIM7090G New Comment=NRF52811-QCAA-R7
Added Component: Designator=D?(SIM7090G)
Add component. Clean all parameters for all variants
Added Component: Designator=J?(ZigZag_PIFA)
Add component. Clean all parameters for all variants
Added Pin To Net: NetName=GND Pin=D?-23
Added Pin To Net: NetName=GND Pin=D?-24
Added Pin To Net: NetName=GND Pin=D?-25
Added Pin To Net: NetName=GND Pin=D?-27
Added Pin To Net: NetName=GND Pin=D?-28
Added Pin To Net: NetName=GND Pin=D?-30
Added Pin To Net: NetName=GND Pin=D?-31
Added Pin To Net: NetName=GND Pin=D?-43
Added Pin To Net: NetName=GND Pin=D?-52
Added Pin To Net: NetName=GND Pin=D?-53
Added Pin To Net: NetName=GND Pin=D?-54
Added Pin To Net: NetName=GND Pin=D?-55
Added Pin To Net: NetName=GND Pin=D?-56
Added Pin To Net: NetName=GND Pin=D?-58
Added Pin To Net: NetName=GND Pin=D?-65
Added Pin To Net: NetName=GND Pin=D?-66
Added Pin To Net: NetName=GND Pin=D?-73
Added Pin To Net: NetName=GND Pin=D?-74
Added Pin To Net: NetName=GND Pin=D?-75
Added Pin To Net: NetName=GND Pin=D?-84
Added Pin To Net: NetName=GND Pin=D?-85
Added Pin To Net: NetName=GND Pin=D?-86
Added Pin To Net: NetName=GND Pin=D?-88
Added Pin To Net: NetName=GND Pin=D?-89
