Change Component Designator: OldDesignator=*1 NewDesignator=*4
Change Component Designator: OldDesignator=*2 NewDesignator=*5
Change Component Designator: OldDesignator=*3 NewDesignator=*6
Change Component Designator: OldDesignator=*4 NewDesignator=*7
Change Component Designator: OldDesignator=*5 NewDesignator=*8
Change Component Designator: OldDesignator=*6 NewDesignator=*9
Change Component Designator: OldDesignator=*7 NewDesignator=*12
Change Component Designator: OldDesignator=*8 NewDesignator=*13
Change Component Designator: OldDesignator=*9 NewDesignator=*14
Change Component Designator: OldDesignator=*? NewDesignator=*10
Change Component Designator: OldDesignator=C1 NewDesignator=C2
Change Component Designator: OldDesignator=C? NewDesignator=C1
Change Component Designator: OldDesignator=C? NewDesignator=C3
Change Component Designator: OldDesignator=D? NewDesignator=D6
Added Component: Designator=*1(PinConnect)
Added Component: Designator=*2(PinConnect)
Added Component: Designator=*3(PinConnect)
Added Component: Designator=*11(PinConnect)
Change Net Name : Old Net Name=Net*1_1 New Net Name=Net*4_1
Change Net Name : Old Net Name=Net*2_1 New Net Name=Net*5_1
Change Net Name : Old Net Name=Net*6_1 New Net Name=Net*9_1
Change Net Name : Old Net Name=Net*7_1 New Net Name=Net*12_1
Change Net Name : Old Net Name=Net*8_1 New Net Name=Net*13_1
Change Net Name : Old Net Name=Net*9_1 New Net Name=Net*14_1
Change Net Name : Old Net Name=Net*?_1 New Net Name=Net*10_1
Change Net Name : Old Net Name=NetC?_2 New Net Name=NetC1_2
Added Pin To Net: NetName=Net*1_1 Pin=*1-1
Added Pin To Net: NetName=Net*1_1 Pin=*1-1
Added Pin To Net: NetName=Net*1_1 Pin=D3-5
Added Net: Name=Net*1_1
Added Pin To Net: NetName=Net*2_1 Pin=*2-1
Added Pin To Net: NetName=Net*2_1 Pin=*2-1
Added Pin To Net: NetName=Net*2_1 Pin=D3-28
Added Net: Name=Net*2_1
Added Pin To Net: NetName=Net*3_1 Pin=*3-1
Added Pin To Net: NetName=Net*3_1 Pin=*3-1
Added Pin To Net: NetName=Net*3_1 Pin=D3-27
Added Net: Name=Net*3_1
Added Pin To Net: NetName=Net*11_1 Pin=*11-1
Added Pin To Net: NetName=Net*11_1 Pin=*11-1
Added Pin To Net: NetName=Net*11_1 Pin=D3-15
Added Net: Name=Net*11_1
