Removed Pin From Net: NetName=MEMS_INT1 Pin=*13-1
Removed Pin From Net: NetName=MEMS_INT1 Pin=*13-1
Removed Pin From Net: NetName=MEMS_INT1 Pin=D4-16
Removed Pin From Net: NetName=Net*7_1 Pin=D5-3
Change Component Designator: OldDesignator=*7 NewDesignator=*8
Change Component Designator: OldDesignator=*8 NewDesignator=*9
Change Component Designator: OldDesignator=*9 NewDesignator=*10
Change Component Designator: OldDesignator=*10 NewDesignator=*11
Change Component Designator: OldDesignator=*11 NewDesignator=*12
Change Component Designator: OldDesignator=*12 NewDesignator=*13
Change Component Designator: OldDesignator=*13 NewDesignator=*14
Change Component Designator: OldDesignator=*14 NewDesignator=*15
Change Component Designator: OldDesignator=*15 NewDesignator=*16
Change Component Designator: OldDesignator=*? NewDesignator=*7
Change Component Designator: OldDesignator=C7 NewDesignator=C8
Change Component Designator: OldDesignator=C8 NewDesignator=C9
Change Component Designator: OldDesignator=C9 NewDesignator=C10
Change Component Designator: OldDesignator=C10 NewDesignator=C11
Change Component Designator: OldDesignator=C11 NewDesignator=C12
Change Component Designator: OldDesignator=C12 NewDesignator=C13
Change Component Designator: OldDesignator=C? NewDesignator=C7
Change Component Designator: OldDesignator=D2 NewDesignator=D3
Change Component Designator: OldDesignator=D3 NewDesignator=D4
Change Component Designator: OldDesignator=D4 NewDesignator=D5
Change Component Designator: OldDesignator=D5 NewDesignator=D6
Change Component Designator: OldDesignator=D6 NewDesignator=D7
Change Component Designator: OldDesignator=D7 NewDesignator=D8
Change Component Designator: OldDesignator=SB1 NewDesignator=SB2
Change Component Designator: OldDesignator=SB2 NewDesignator=SB3
Change Component Designator: OldDesignator=SB3 NewDesignator=SB4
Change Component Designator: OldDesignator=SB4 NewDesignator=SB5
Change Component Designator: OldDesignator=SB5 NewDesignator=SB6
Change Component Designator: OldDesignator=SB6 NewDesignator=SB11
Change Component Designator: OldDesignator=SB7 NewDesignator=SB12
Change Component Designator: OldDesignator=SB8 NewDesignator=SB13
Change Component Designator: OldDesignator=SB9 NewDesignator=SB14
Change Component Designator: OldDesignator=SB10 NewDesignator=SB15
Change Component Designator: OldDesignator=SB11 NewDesignator=SB16
Change Component Designator: OldDesignator=SB12 NewDesignator=SB17
Change Component Designator: OldDesignator=SB13 NewDesignator=SB18
Added Component: Designator=SB1(SB)
Added Component: Designator=SB7(SB)
Added Component: Designator=SB8(SB)
Added Component: Designator=SB9(SB)
Added Component: Designator=SB10(SB)
Change Net Name : Old Net Name=Net*7_1 New Net Name=VBAT
Change Net Name : Old Net Name=Net*12_1 New Net Name=Net*13_1
Change Net Name : Old Net Name=Net*14_1 New Net Name=Net*15_1
Change Net Name : Old Net Name=Net*15_1 New Net Name=Net*16_1
Change Net Name : Old Net Name=NetC7_2 New Net Name=NetC8_2
Change Net Name : Old Net Name=NetC8_2 New Net Name=NetC9_2
Change Net Name : Old Net Name=NetC9_2 New Net Name=NetC10_2
Change Net Name : Old Net Name=NetC10_2 New Net Name=NetC11_2
Change Net Name : Old Net Name=NetD3_11 New Net Name=NetD4_11
Change Net Name : Old Net Name=NetD4_5 New Net Name=NetD5_5
Change Net Name : Old Net Name=NetD4_11 New Net Name=NetD5_11
Change Net Name : Old Net Name=NetD4_12 New Net Name=NetD5_12
Change Net Name : Old Net Name=NetD4_13 New Net Name=NetD5_13
Change Net Name : Old Net Name=NetD4_19 New Net Name=NetD5_19
Change Net Name : Old Net Name=NetD4_26 New Net Name=NetD5_26
Change Net Name : Old Net Name=NetSB5_2 New Net Name=NetSB6_2
Added Pin To Net: NetName=Net*14_1 Pin=*14-1
Added Pin To Net: NetName=Net*14_1 Pin=*14-1
Added Pin To Net: NetName=Net*14_1 Pin=D5-16
Added Pin To Net: NetName=Net*14_1 Pin=SB10-2
Added Net: Name=Net*14_1
Added Pin To Net: NetName=NetD2_2 Pin=SB1-1
Added Net: Name=NetD2_2
Added Pin To Net: NetName=NetD6_3 Pin=D6-3
Added Pin To Net: NetName=NetD6_3 Pin=SB7-2
Added Pin To Net: NetName=NetD6_3 Pin=SB8-2
Added Pin To Net: NetName=NetD6_3 Pin=SB9-2
Added Net: Name=NetD6_3
