Removed Pin From Net: NetName=GND Pin=D4-33
Change Component Designator: OldDesignator=*7 NewDesignator=*8
Change Component Designator: OldDesignator=*8 NewDesignator=*9
Change Component Designator: OldDesignator=*9 NewDesignator=*10
Change Component Designator: OldDesignator=*10 NewDesignator=*11
Change Component Designator: OldDesignator=*11 NewDesignator=*12
Change Component Designator: OldDesignator=*12 NewDesignator=*13
Change Component Designator: OldDesignator=*13 NewDesignator=*14
Change Component Designator: OldDesignator=*14 NewDesignator=*15
Change Component Designator: OldDesignator=D5 NewDesignator=D6
Change Component Designator: OldDesignator=D6 NewDesignator=D7
Added Component: Designator=*7(PinConnect)
Add component. Clean all parameters for all variants
Added Component: Designator=D5(TDFN4)
Add component. Clean all parameters for all variants
Added Pin To Net: NetName=3V3 Pin=D5-1
Added Pin To Net: NetName=GND Pin=D5-2
Change Net Name : Old Net Name=Net*11_1 New Net Name=Net*12_1
Change Net Name : Old Net Name=Net*13_1 New Net Name=Net*14_1
Change Net Name : Old Net Name=Net*14_1 New Net Name=Net*15_1
Added Pin To Net: NetName=Net*7_1 Pin=*7-1
Added Pin To Net: NetName=Net*7_1 Pin=*7-1
Added Pin To Net: NetName=Net*7_1 Pin=D5-3
Added Pin To Net: NetName=Net*7_1 Pin=D5-4
Added Net: Name=Net*7_1
