Change Physical Footprint: Designator=C1 Old Footprint=C0402 New Footprint=C0402
Change Physical Footprint: Designator=C2 Old Footprint=C_TYPE_D New Footprint=C_TYPE_D
Change Physical Footprint: Designator=C3 Old Footprint=C0402 New Footprint=C0402
Change Physical Footprint: Designator=C4 Old Footprint=C0402 New Footprint=C0402
Change Physical Footprint: Designator=C5 Old Footprint=C0402 New Footprint=C0402
Change Physical Footprint: Designator=C6 Old Footprint=C0402 New Footprint=C0402
Change Physical Footprint: Designator=C7 Old Footprint=C0402 New Footprint=C0402
Change Physical Footprint: Designator=C8 Old Footprint=C0402 New Footprint=C0402
Change Physical Footprint: Designator=C9 Old Footprint=C0402 New Footprint=C0402
Change Physical Footprint: Designator=C10 Old Footprint=C0402 New Footprint=C0402
Change Physical Footprint: Designator=C11 Old Footprint=C0402 New Footprint=C0402
Change Physical Footprint: Designator=C12 Old Footprint=C0402 New Footprint=C0402
Change Physical Footprint: Designator=C13 Old Footprint=C0402 New Footprint=C0402
Change Physical Footprint: Designator=C14 Old Footprint=C0402 New Footprint=C0402
Change Physical Footprint: Designator=C15 Old Footprint=C0402 New Footprint=C0402
Change Physical Footprint: Designator=C16 Old Footprint=C0402 New Footprint=C0402
Change Physical Footprint: Designator=C17 Old Footprint=C0402 New Footprint=C0402
Change Physical Footprint: Designator=C18 Old Footprint=C0402 New Footprint=C0402
Change Physical Footprint: Designator=C19 Old Footprint=C0402 New Footprint=C0402
Change Physical Footprint: Designator=C20 Old Footprint=C0402 New Footprint=C0402
Change Physical Footprint: Designator=C21 Old Footprint=C0402 New Footprint=C0402
Change Physical Footprint: Designator=C22 Old Footprint=C0402 New Footprint=C0402
Change Physical Footprint: Designator=C23 Old Footprint=C0402 New Footprint=C0402
Change Physical Footprint: Designator=C24 Old Footprint=C0402 New Footprint=C0402
Change Physical Footprint: Designator=D1 Old Footprint=SIM7090G New Footprint=SIM7090G
Change Physical Footprint: Designator=D2 Old Footprint=LGA12 New Footprint=LGA12
Change Physical Footprint: Designator=D3 Old Footprint=QFN14 New Footprint=QFN14
Change Physical Footprint: Designator=D4 Old Footprint=QFN40 New Footprint=QFN40
Change Physical Footprint: Designator=D5 Old Footprint=TDFN4 New Footprint=TDFN4
Change Physical Footprint: Designator=D6 Old Footprint=WLCSP8 New Footprint=WLCSP8
Change Physical Footprint: Designator=D7 Old Footprint=VQFN8 New Footprint=VQFN8
Change Physical Footprint: Designator=D8 Old Footprint=104224-0820 New Footprint=104224-0820
Change Physical Footprint: Designator=J1 Old Footprint=U.FL New Footprint=U.FL
Change Physical Footprint: Designator=J2 Old Footprint=U.FL New Footprint=U.FL
Change Physical Footprint: Designator=J3 Old Footprint=ZigZag_PIFA New Footprint=ZigZag_PIFA
Change Physical Footprint: Designator=L1 Old Footprint=L0402 New Footprint=L0402
Change Physical Footprint: Designator=L2 Old Footprint=L0402 New Footprint=L0402
Change Physical Footprint: Designator=L3 Old Footprint=L0402 New Footprint=L0402
Change Physical Footprint: Designator=L4 Old Footprint=L0402 New Footprint=L0402
Change Physical Footprint: Designator=R1 Old Footprint=R0402 New Footprint=R0402
Change Physical Footprint: Designator=R2 Old Footprint=R0402 New Footprint=R0402
Change Physical Footprint: Designator=R3 Old Footprint=R0402 New Footprint=R0402
Change Physical Footprint: Designator=R4 Old Footprint=R0402 New Footprint=R0402
Change Physical Footprint: Designator=R5 Old Footprint=R0402 New Footprint=R0402
Change Physical Footprint: Designator=R6 Old Footprint=R0402 New Footprint=R0402
Change Physical Footprint: Designator=R7 Old Footprint=R0402 New Footprint=R0402
Change Physical Footprint: Designator=R8 Old Footprint=R0402 New Footprint=R0402
Change Physical Footprint: Designator=R9 Old Footprint=R0402 New Footprint=R0402
Change Physical Footprint: Designator=R10 Old Footprint=R0402 New Footprint=R0402
Change Physical Footprint: Designator=R11 Old Footprint=R0402 New Footprint=R0402
Change Physical Footprint: Designator=R12 Old Footprint=R0402 New Footprint=R0402
Change Physical Footprint: Designator=SB1 Old Footprint=SB New Footprint=SB
Change Physical Footprint: Designator=SB2 Old Footprint=SB New Footprint=SB
Change Physical Footprint: Designator=SB3 Old Footprint=SB New Footprint=SB
Change Physical Footprint: Designator=SB4 Old Footprint=SB New Footprint=SB
Change Physical Footprint: Designator=SB5 Old Footprint=SB New Footprint=SB
Change Physical Footprint: Designator=SB6 Old Footprint=SB New Footprint=SB
Change Physical Footprint: Designator=SB7 Old Footprint=SB New Footprint=SB
Change Physical Footprint: Designator=SB8 Old Footprint=SB New Footprint=SB
Change Physical Footprint: Designator=SB9 Old Footprint=SB New Footprint=SB
Change Physical Footprint: Designator=SB10 Old Footprint=SB New Footprint=SB
Change Physical Footprint: Designator=SB11 Old Footprint=SB New Footprint=SB
Change Physical Footprint: Designator=SB12 Old Footprint=SB New Footprint=SB
Change Physical Footprint: Designator=SB13 Old Footprint=SB New Footprint=SB
Change Physical Footprint: Designator=SB14 Old Footprint=SB New Footprint=SB
Change Physical Footprint: Designator=T4 Old Footprint=CSD17483F4 New Footprint=CSD17483F4
Change Physical Footprint: Designator=T5 Old Footprint=testPin_08 New Footprint=testPin_08
Change Physical Footprint: Designator=T6 Old Footprint=testPin_08 New Footprint=testPin_08
Change Physical Footprint: Designator=T7 Old Footprint=testPin_08 New Footprint=testPin_08
Change Physical Footprint: Designator=VD1 Old Footprint=sot-363 New Footprint=sot-363
Change Physical Footprint: Designator=VT1 Old Footprint=CSD17483F4 New Footprint=CSD17483F4
Change Physical Footprint: Designator=VT2 Old Footprint=CSD17483F4 New Footprint=CSD17483F4
Change Physical Footprint: Designator=VT3 Old Footprint=CSD17483F4 New Footprint=CSD17483F4
Change Physical Footprint: Designator=VT4 Old Footprint=CSD17483F4 New Footprint=CSD17483F4
Change Physical Footprint: Designator=X1 Old Footprint=PINCONNECT3 New Footprint=PINCONNECT3
Change Physical Footprint: Designator=X2 Old Footprint=PINCONNECT3 New Footprint=PINCONNECT3
Change Physical Footprint: Designator=X3 Old Footprint=PINCONNECT3 New Footprint=PINCONNECT3
Change Physical Footprint: Designator=X4 Old Footprint=PINCONNECT3 New Footprint=PINCONNECT3
Change Physical Footprint: Designator=X5 Old Footprint=PINCONNECT3 New Footprint=PINCONNECT3
Change Physical Footprint: Designator=X6 Old Footprint=PINCONNECT3 New Footprint=PINCONNECT3
Change Physical Footprint: Designator=X7 Old Footprint=PINCONNECT3 New Footprint=PINCONNECT3
Change Physical Footprint: Designator=X8 Old Footprint=PINCONNECT3 New Footprint=PINCONNECT3
Change Physical Footprint: Designator=X9 Old Footprint=PINCONNECT3 New Footprint=PINCONNECT3
Change Physical Footprint: Designator=X10 Old Footprint=PINCONNECT3 New Footprint=PINCONNECT3
Change Physical Footprint: Designator=X11 Old Footprint=PINCONNECT3 New Footprint=PINCONNECT3
Change Physical Footprint: Designator=X12 Old Footprint=PINCONNECT3 New Footprint=PINCONNECT3
Change Physical Footprint: Designator=X13 Old Footprint=PINCONNECT3 New Footprint=PINCONNECT3
Change Physical Footprint: Designator=XTAL1 Old Footprint=NX2012SA New Footprint=NX2012SA
Change Physical Footprint: Designator=XTAL2 Old Footprint=NX2016SA New Footprint=NX2016SA
