Change Component Designator: OldDesignator=C14 NewDesignator=C15
Change Component Designator: OldDesignator=C15 NewDesignator=C16
Change Component Designator: OldDesignator=C16 NewDesignator=C17
Change Component Designator: OldDesignator=C17 NewDesignator=C18
Change Component Designator: OldDesignator=C18 NewDesignator=C19
Change Component Designator: OldDesignator=C19 NewDesignator=C20
Change Component Designator: OldDesignator=C20 NewDesignator=C21
Change Component Designator: OldDesignator=C21 NewDesignator=C22
Added Component: Designator=C14(C0402)
Added Component: Designator=T7(testPin_08)
Added Pin To Net: NetName=GND Pin=C14-1
Change Net Name : Old Net Name=NetC16_2 New Net Name=NetC17_2
Change Net Name : Old Net Name=NetC18_2 New Net Name=NetC19_2
Change Net Name : Old Net Name=NetC19_2 New Net Name=NetC20_2
Change Net Name : Old Net Name=NetC20_2 New Net Name=NetC21_2
Change Net Name : Old Net Name=NetC21_2 New Net Name=NetC22_2
Added Pin To Net: NetName=NetC14_2 Pin=C14-2
Added Pin To Net: NetName=NetC14_2 Pin=D4-11
Added Net: Name=NetC14_2
Added Pin To Net: NetName=NetD4_10 Pin=D4-10
Added Pin To Net: NetName=NetD4_10 Pin=T7-1
Added Net: Name=NetD4_10
