Added Component: Designator=C17(C0402)
Added Component: Designator=C18(C0402)
Added Component: Designator=C19(C0402)
Added Component: Designator=C20(C0402)
Added Component: Designator=C21(C0402)
Added Component: Designator=C22(C0402)
Added Component: Designator=L1(L0402)
Added Component: Designator=L2(L0402)
Added Pin To Net: NetName=GND Pin=C17-1
Added Pin To Net: NetName=GND Pin=C18-1
Added Pin To Net: NetName=GND Pin=C19-1
Added Pin To Net: NetName=GND Pin=C20-1
Added Pin To Net: NetName=GND Pin=C21-1
Added Pin To Net: NetName=GND Pin=C22-1
Added Pin To Net: NetName=NetC17_2 Pin=C17-2
Added Pin To Net: NetName=NetC17_2 Pin=C18-2
Added Pin To Net: NetName=NetC17_2 Pin=D4-38
Added Pin To Net: NetName=NetC17_2 Pin=L2-2
Added Net: Name=NetC17_2
Added Pin To Net: NetName=NetC19_2 Pin=C19-2
Added Pin To Net: NetName=NetC19_2 Pin=D4-27
Added Net: Name=NetC19_2
Added Pin To Net: NetName=NetC20_2 Pin=C20-2
Added Pin To Net: NetName=NetC20_2 Pin=D4-26
Added Net: Name=NetC20_2
Added Pin To Net: NetName=NetC21_2 Pin=C21-2
Added Pin To Net: NetName=NetC21_2 Pin=D4-21
Added Net: Name=NetC21_2
Added Pin To Net: NetName=NetC22_2 Pin=C22-2
Added Pin To Net: NetName=NetC22_2 Pin=D4-1
Added Net: Name=NetC22_2
Added Pin To Net: NetName=NetD4_39 Pin=D4-39
Added Pin To Net: NetName=NetD4_39 Pin=L1-1
Added Net: Name=NetD4_39
