Removed Pin From Net: NetName=GND Pin=D8-1
Removed Pin From Net: NetName=GND Pin=D8-1
Removed Pin From Net: NetName=GND Pin=D8-1
Removed Pin From Net: NetName=GND Pin=D8-1
Removed Pin From Net: NetName=GND Pin=D8-1
Removed Pin From Net: NetName=SIM_DATA Pin=D8-3
Removed Pin From Net: NetName=SIM_CLK Pin=D8-6
Removed Pin From Net: NetName=SIM_RST Pin=D8-7
Removed Pin From Net: NetName=SIM_VDD Pin=D8-8
Removed Pin From Net: NetName=GND Pin=XTAL2-GND
Removed Pin From Net: NetName=GND Pin=XTAL2-GND
Change Component Designator: OldDesignator=R5 NewDesignator=R6
Change Component Designator: OldDesignator=R6 NewDesignator=R7
Change Component Designator: OldDesignator=R7 NewDesignator=R8
Change Component Designator: OldDesignator=R8 NewDesignator=R10
Change Component Designator: OldDesignator=R9 NewDesignator=R12
Change Component Designator: OldDesignator=R10 NewDesignator=R5
Change Component Designator: OldDesignator=R11 NewDesignator=R9
Change Component Designator: OldDesignator=R12 NewDesignator=R11
Added Pin To Net: NetName=SIM_VDD Pin=D8-1
Added Pin To Net: NetName=SIM_VDD Pin=D8-1
Added Pin To Net: NetName=SIM_VDD Pin=D8-1
Added Pin To Net: NetName=SIM_VDD Pin=D8-1
Added Pin To Net: NetName=SIM_VDD Pin=D8-1
Added Pin To Net: NetName=SIM_RST Pin=D8-2
Added Pin To Net: NetName=SIM_CLK Pin=D8-3
Added Pin To Net: NetName=SIM_DATA Pin=D8-6
Change Net Name : Old Net Name=NetR6_1 New Net Name=NetR5_2
Change Net Name : Old Net Name=NetR7_1 New Net Name=NetR8_1
Change Net Name : Old Net Name=NetR8_1 New Net Name=NetR10_1
