Change Component Designator: Old Designator=D11 New Designator=D12
Change Component Designator: Old Designator=D12 New Designator=D11
Change Component Designator: Old Designator=R15 New Designator=R17
Change Component Designator: Old Designator=R16 New Designator=R15
Change Component Designator: Old Designator=R17 New Designator=R18
Change Component Designator: Old Designator=R? New Designator=R16
Change Component Designator: Old Designator=R? New Designator=R19
Change Component Designator: Old Designator=SB13 New Designator=SB15
Change Component Designator: Old Designator=SB14 New Designator=SB16
Change Component Designator: Old Designator=SB15 New Designator=SB17
Change Component Designator: Old Designator=SB16 New Designator=SB18
Change Component Designator: Old Designator=SB17 New Designator=SB19
Change Component Designator: Old Designator=SB18 New Designator=SB20
Change Component Designator: Old Designator=SB19 New Designator=SB21
Change Component Designator: Old Designator=SB20 New Designator=SB22
Change Component Designator: Old Designator=SB21 New Designator=SB23
Change Component Designator: Old Designator=SB? New Designator=SB13
Change Component Designator: Old Designator=SB? New Designator=SB14
Change Component Designator: Old Designator=T? New Designator=T2
Change Component Designator: Old Designator=X4 New Designator=X5
Change Component Designator: Old Designator=X5 New Designator=X6
Change Component Designator: Old Designator=X6 New Designator=X7
Change Component Designator: Old Designator=X7 New Designator=X8
Change Component Designator: Old Designator=X8 New Designator=X9
Change Component Designator: Old Designator=X9 New Designator=X10
Change Component Designator: Old Designator=X10 New Designator=X11
Change Component Designator: Old Designator=X11 New Designator=X12
Change Component Designator: Old Designator=X12 New Designator=X13
Change Component Designator: Old Designator=X13 New Designator=X14
Change Component Designator: Old Designator=X14 New Designator=X15
Change Component Designator: Old Designator=X15 New Designator=X16
Change Component Designator: Old Designator=X16 New Designator=X17
Change Component Designator: Old Designator=X? New Designator=X4
