Change Component Designator: Old Designator=*4 New Designator=*5
Change Component Designator: Old Designator=*5 New Designator=*6
Change Component Designator: Old Designator=*6 New Designator=*4
Change Component Designator: Old Designator=*8 New Designator=*7
Change Component Designator: Old Designator=*9 New Designator=*8
Change Component Designator: Old Designator=*10 New Designator=*9
Change Component Designator: Old Designator=*11 New Designator=*10
Change Component Designator: Old Designator=*12 New Designator=*11
Change Component Designator: Old Designator=*13 New Designator=*12
Change Component Designator: Old Designator=*14 New Designator=*13
Change Component Designator: Old Designator=*15 New Designator=*14
Change Component Designator: Old Designator=*16 New Designator=*15
Change Component Designator: Old Designator=*17 New Designator=*18
Change Component Designator: Old Designator=*18 New Designator=*19
Change Component Designator: Old Designator=*19 New Designator=*20
Change Component Designator: Old Designator=*? New Designator=*16
Change Component Designator: Old Designator=*? New Designator=*17
Change Component Designator: Old Designator=*? New Designator=*21
Change Component Designator: Old Designator=D3 New Designator=D1
Change Component Designator: Old Designator=D4 New Designator=D2
Change Component Designator: Old Designator=D5 New Designator=D3
Change Component Designator: Old Designator=D6 New Designator=D4
Change Component Designator: Old Designator=D7 New Designator=D5
Change Component Designator: Old Designator=D8 New Designator=D6
Change Component Designator: Old Designator=D9 New Designator=D7
Change Component Designator: Old Designator=D10 New Designator=D8
Change Component Designator: Old Designator=D11 New Designator=D9
Change Component Designator: Old Designator=D12 New Designator=D10
Change Component Designator: Old Designator=R10 New Designator=R9
Change Component Designator: Old Designator=R11 New Designator=R10
Change Component Designator: Old Designator=R12 New Designator=R11
Change Component Designator: Old Designator=R13 New Designator=R12
Change Component Designator: Old Designator=R14 New Designator=R13
Change Component Designator: Old Designator=R15 New Designator=R14
Change Component Designator: Old Designator=R16 New Designator=R15
Change Component Designator: Old Designator=R17 New Designator=R16
Change Component Designator: Old Designator=SB4 New Designator=SB3
Change Component Designator: Old Designator=SB6 New Designator=SB4
Change Component Designator: Old Designator=SB8 New Designator=SB5
Change Component Designator: Old Designator=SB9 New Designator=SB6
Change Component Designator: Old Designator=SB10 New Designator=SB7
Change Component Designator: Old Designator=SB11 New Designator=SB9
Change Component Designator: Old Designator=SB12 New Designator=SB10
Change Component Designator: Old Designator=SB13 New Designator=SB8
Change Component Designator: Old Designator=SB14 New Designator=SB12
Change Component Designator: Old Designator=SB15 New Designator=SB11
