Change Component Designator: Old Designator=C1 New Designator=C2
Change Component Designator: Old Designator=C2 New Designator=C1
Change Component Designator: Old Designator=C5 New Designator=C6
Change Component Designator: Old Designator=C6 New Designator=C5
Change Component Designator: Old Designator=C15 New Designator=C18
Change Component Designator: Old Designator=C? New Designator=C10
Change Component Designator: Old Designator=C? New Designator=C11
Change Component Designator: Old Designator=C? New Designator=C12
Change Component Designator: Old Designator=C? New Designator=C15
Change Component Designator: Old Designator=C? New Designator=C16
Change Component Designator: Old Designator=C? New Designator=C17
Change Component Designator: Old Designator=D1 New Designator=D4
Change Component Designator: Old Designator=D2 New Designator=D1
Change Component Designator: Old Designator=D3 New Designator=D2
Change Component Designator: Old Designator=D4 New Designator=D3
Change Component Designator: Old Designator=D? New Designator=D6
Change Component Designator: Old Designator=D? New Designator=D10
Change Component Designator: Old Designator=L? New Designator=L1
Change Component Designator: Old Designator=L? New Designator=L2
Change Component Designator: Old Designator=R11 New Designator=R12
Change Component Designator: Old Designator=R12 New Designator=R11
Change Component Designator: Old Designator=SB1 New Designator=SB4
Change Component Designator: Old Designator=SB2 New Designator=SB1
Change Component Designator: Old Designator=SB3 New Designator=SB6
Change Component Designator: Old Designator=SB4 New Designator=SB2
Change Component Designator: Old Designator=SB5 New Designator=SB3
Change Component Designator: Old Designator=SB6 New Designator=SB5
Change Component Designator: Old Designator=SB9 New Designator=SB10
Change Component Designator: Old Designator=SB10 New Designator=SB9
Change Component Designator: Old Designator=SB12 New Designator=SB13
Change Component Designator: Old Designator=SB13 New Designator=SB12
