Change Component Designator: Old Designator=D? New Designator=D4
Change Component Designator: Old Designator=R2 New Designator=R4
Change Component Designator: Old Designator=R3 New Designator=R2
Change Component Designator: Old Designator=R4 New Designator=R3
Change Component Designator: Old Designator=R5 New Designator=R6
Change Component Designator: Old Designator=R6 New Designator=R7
Change Component Designator: Old Designator=R7 New Designator=R8
Change Component Designator: Old Designator=R8 New Designator=R9
Change Component Designator: Old Designator=R9 New Designator=R10
Change Component Designator: Old Designator=R10 New Designator=R11
Change Component Designator: Old Designator=R11 New Designator=R12
Change Component Designator: Old Designator=R12 New Designator=R13
Change Component Designator: Old Designator=R13 New Designator=R14
Change Component Designator: Old Designator=R14 New Designator=R15
Change Component Designator: Old Designator=R15 New Designator=R16
Change Component Designator: Old Designator=R16 New Designator=R17
Change Component Designator: Old Designator=R? New Designator=R5
Change Component Designator: Old Designator=SB14 New Designator=SB12
Change Component Designator: Old Designator=X1 New Designator=X2
Change Component Designator: Old Designator=X2 New Designator=X3
Change Component Designator: Old Designator=X3 New Designator=X4
Change Component Designator: Old Designator=X4 New Designator=X5
Change Component Designator: Old Designator=X5 New Designator=X6
Change Component Designator: Old Designator=X6 New Designator=X7
Change Component Designator: Old Designator=X7 New Designator=X8
Change Component Designator: Old Designator=X8 New Designator=X9
Change Component Designator: Old Designator=X9 New Designator=X10
Change Component Designator: Old Designator=X10 New Designator=X11
Change Component Designator: Old Designator=X11 New Designator=X12
Change Component Designator: Old Designator=X12 New Designator=X13
Change Component Designator: Old Designator=X13 New Designator=X14
Change Component Designator: Old Designator=X14 New Designator=X15
Change Component Designator: Old Designator=X15 New Designator=X16
Change Component Designator: Old Designator=X16 New Designator=X17
Change Component Designator: Old Designator=X17 New Designator=X18
Change Component Designator: Old Designator=X18 New Designator=X19
Change Component Designator: Old Designator=X? New Designator=X1
