Change Component Designator: Old Designator=*3 New Designator=*2
Change Component Designator: Old Designator=*? New Designator=*3
Change Component Designator: Old Designator=D? New Designator=D1
Change Component Designator: Old Designator=R1 New Designator=R2
Change Component Designator: Old Designator=R2 New Designator=R5
Change Component Designator: Old Designator=R3 New Designator=R6
Change Component Designator: Old Designator=R5 New Designator=R7
Change Component Designator: Old Designator=R6 New Designator=R8
Change Component Designator: Old Designator=R7 New Designator=R9
Change Component Designator: Old Designator=R8 New Designator=R10
Change Component Designator: Old Designator=R9 New Designator=R11
Change Component Designator: Old Designator=R10 New Designator=R12
Change Component Designator: Old Designator=R11 New Designator=R13
Change Component Designator: Old Designator=R12 New Designator=R14
Change Component Designator: Old Designator=R13 New Designator=R15
Change Component Designator: Old Designator=R14 New Designator=R16
Change Component Designator: Old Designator=R15 New Designator=R17
Change Component Designator: Old Designator=R? New Designator=R1
Change Component Designator: Old Designator=R? New Designator=R3
Change Component Designator: Old Designator=R? New Designator=R4
Change Component Designator: Old Designator=SB11 New Designator=SB10
Change Component Designator: Old Designator=SB12 New Designator=SB11
Change Component Designator: Old Designator=SB13 New Designator=SB12
Change Component Designator: Old Designator=SB15 New Designator=SB13
Change Component Designator: Old Designator=SB16 New Designator=SB14
Change Component Designator: Old Designator=SB17 New Designator=SB15
Change Component Designator: Old Designator=SB18 New Designator=SB16
Change Component Designator: Old Designator=SB19 New Designator=SB17
Change Component Designator: Old Designator=SB20 New Designator=SB18
Change Component Designator: Old Designator=SB21 New Designator=SB19
Change Component Designator: Old Designator=SB22 New Designator=SB20
Change Component Designator: Old Designator=SB23 New Designator=SB21
