Change Component Designator: Old Designator=C1 New Designator=C2
Change Component Designator: Old Designator=C2 New Designator=C1
Change Component Designator: Old Designator=C6 New Designator=C7
Change Component Designator: Old Designator=C7 New Designator=C6
Change Component Designator: Old Designator=D2 New Designator=D3
Change Component Designator: Old Designator=D3 New Designator=D2
Change Component Designator: Old Designator=D4 New Designator=D5
Change Component Designator: Old Designator=D5 New Designator=D4
Change Component Designator: Old Designator=R3 New Designator=R4
Change Component Designator: Old Designator=R? New Designator=R3
Change Component Designator: Old Designator=R? New Designator=R5
Change Component Designator: Old Designator=R? New Designator=R6
Change Component Designator: Old Designator=R? New Designator=R7
Change Component Designator: Old Designator=R? New Designator=R8
Change Component Designator: Old Designator=R? New Designator=R9
Change Component Designator: Old Designator=R? New Designator=R10
Change Component Designator: Old Designator=R? New Designator=R11
Change Component Designator: Old Designator=SB3 New Designator=SB4
Change Component Designator: Old Designator=SB4 New Designator=SB3
Change Component Designator: Old Designator=SB6 New Designator=SB9
Change Component Designator: Old Designator=SB7 New Designator=SB10
Change Component Designator: Old Designator=SB8 New Designator=SB11
Change Component Designator: Old Designator=SB9 New Designator=SB12
Change Component Designator: Old Designator=SB10 New Designator=SB13
Change Component Designator: Old Designator=SB11 New Designator=SB14
Change Component Designator: Old Designator=SB12 New Designator=SB15
Change Component Designator: Old Designator=SB13 New Designator=SB16
Change Component Designator: Old Designator=SB? New Designator=SB6
Change Component Designator: Old Designator=SB? New Designator=SB7
Change Component Designator: Old Designator=SB? New Designator=SB8
Change Component Designator: Old Designator=VT? New Designator=VT2
Change Component Designator: Old Designator=VT? New Designator=VT3
Change Component Designator: Old Designator=VT? New Designator=VT4
Change Component Designator: Old Designator=X? New Designator=X1
Change Component Designator: Old Designator=X? New Designator=X2
Change Component Designator: Old Designator=X? New Designator=X3
Change Component Designator: Old Designator=X? New Designator=X4
