Change Component Designator: Old Designator=*4 New Designator=*3
Change Component Designator: Old Designator=*5 New Designator=*4
Change Component Designator: Old Designator=*6 New Designator=*5
Change Component Designator: Old Designator=*7 New Designator=*6
Change Component Designator: Old Designator=*8 New Designator=*7
Change Component Designator: Old Designator=*9 New Designator=*8
Change Component Designator: Old Designator=*10 New Designator=*11
Change Component Designator: Old Designator=*11 New Designator=*12
Change Component Designator: Old Designator=*12 New Designator=*13
Change Component Designator: Old Designator=*13 New Designator=*14
Change Component Designator: Old Designator=*14 New Designator=*15
Change Component Designator: Old Designator=*15 New Designator=*16
Change Component Designator: Old Designator=*16 New Designator=*17
Change Component Designator: Old Designator=*17 New Designator=*18
Change Component Designator: Old Designator=*18 New Designator=*19
Change Component Designator: Old Designator=*? New Designator=*9
Change Component Designator: Old Designator=*? New Designator=*10
Change Component Designator: Old Designator=C2 New Designator=C10
Change Component Designator: Old Designator=C7 New Designator=C2
Change Component Designator: Old Designator=C8 New Designator=C7
Change Component Designator: Old Designator=C9 New Designator=C8
Change Component Designator: Old Designator=C10 New Designator=C9
Change Component Designator: Old Designator=R8 New Designator=R7
Change Component Designator: Old Designator=R9 New Designator=R8
Change Component Designator: Old Designator=R10 New Designator=R9
Change Component Designator: Old Designator=R11 New Designator=R10
Change Component Designator: Old Designator=R14 New Designator=R15
Change Component Designator: Old Designator=R15 New Designator=R16
Change Component Designator: Old Designator=R16 New Designator=R17
Change Component Designator: Old Designator=R? New Designator=R11
Change Component Designator: Old Designator=R? New Designator=R14
