Change Component Designator: Old Designator=*4 New Designator=*5
Change Component Designator: Old Designator=*5 New Designator=*6
Change Component Designator: Old Designator=*6 New Designator=*7
Change Component Designator: Old Designator=*7 New Designator=*8
Change Component Designator: Old Designator=*8 New Designator=*9
Change Component Designator: Old Designator=*9 New Designator=*10
Change Component Designator: Old Designator=*10 New Designator=*11
Change Component Designator: Old Designator=*11 New Designator=*12
Change Component Designator: Old Designator=*12 New Designator=*13
Change Component Designator: Old Designator=*13 New Designator=*4
Change Component Designator: Old Designator=C9 New Designator=C13
Change Component Designator: Old Designator=C10 New Designator=C14
Change Component Designator: Old Designator=C11 New Designator=C15
Change Component Designator: Old Designator=C12 New Designator=C16
Change Component Designator: Old Designator=C13 New Designator=C17
Change Component Designator: Old Designator=C14 New Designator=C18
Change Component Designator: Old Designator=C15 New Designator=C19
Change Component Designator: Old Designator=C16 New Designator=C20
Change Component Designator: Old Designator=C17 New Designator=C21
Change Component Designator: Old Designator=C18 New Designator=C22
Change Component Designator: Old Designator=C? New Designator=C9
Change Component Designator: Old Designator=C? New Designator=C10
Change Component Designator: Old Designator=C? New Designator=C11
Change Component Designator: Old Designator=C? New Designator=C12
Change Component Designator: Old Designator=D10 New Designator=D11
Change Component Designator: Old Designator=D11 New Designator=D12
Change Component Designator: Old Designator=D? New Designator=D10
Change Component Designator: Old Designator=R6 New Designator=R8
Change Component Designator: Old Designator=R7 New Designator=R9
Change Component Designator: Old Designator=R8 New Designator=R10
Change Component Designator: Old Designator=R9 New Designator=R11
Change Component Designator: Old Designator=R10 New Designator=R12
Change Component Designator: Old Designator=R11 New Designator=R7
Change Component Designator: Old Designator=R12 New Designator=R13
Change Component Designator: Old Designator=R13 New Designator=R14
Change Component Designator: Old Designator=R? New Designator=R6
Change Component Designator: Old Designator=SB10 New Designator=SB9
Change Component Designator: Old Designator=SB11 New Designator=SB10
Change Component Designator: Old Designator=SB12 New Designator=SB11
Change Component Designator: Old Designator=SB13 New Designator=SB12
Change Component Designator: Old Designator=SB14 New Designator=SB13
Change Component Designator: Old Designator=SB15 New Designator=SB14
