Change Component Designator: Old Designator=*7 New Designator=*8
Change Component Designator: Old Designator=*8 New Designator=*9
Change Component Designator: Old Designator=*9 New Designator=*10
Change Component Designator: Old Designator=*10 New Designator=*11
Change Component Designator: Old Designator=*11 New Designator=*12
Change Component Designator: Old Designator=*12 New Designator=*13
Change Component Designator: Old Designator=*13 New Designator=*14
Change Component Designator: Old Designator=*14 New Designator=*15
Change Component Designator: Old Designator=*15 New Designator=*16
Change Component Designator: Old Designator=*? New Designator=*7
Change Component Designator: Old Designator=C7 New Designator=C8
Change Component Designator: Old Designator=C8 New Designator=C9
Change Component Designator: Old Designator=C9 New Designator=C10
Change Component Designator: Old Designator=C10 New Designator=C11
Change Component Designator: Old Designator=C11 New Designator=C12
Change Component Designator: Old Designator=C12 New Designator=C13
Change Component Designator: Old Designator=C? New Designator=C7
Change Component Designator: Old Designator=D2 New Designator=D3
Change Component Designator: Old Designator=D3 New Designator=D4
Change Component Designator: Old Designator=D4 New Designator=D5
Change Component Designator: Old Designator=D5 New Designator=D6
Change Component Designator: Old Designator=D6 New Designator=D7
Change Component Designator: Old Designator=D7 New Designator=D8
Change Component Designator: Old Designator=D? New Designator=D2
Change Component Designator: Old Designator=SB1 New Designator=SB2
Change Component Designator: Old Designator=SB2 New Designator=SB3
Change Component Designator: Old Designator=SB3 New Designator=SB4
Change Component Designator: Old Designator=SB4 New Designator=SB5
Change Component Designator: Old Designator=SB5 New Designator=SB6
Change Component Designator: Old Designator=SB6 New Designator=SB11
Change Component Designator: Old Designator=SB7 New Designator=SB12
Change Component Designator: Old Designator=SB8 New Designator=SB13
Change Component Designator: Old Designator=SB9 New Designator=SB14
Change Component Designator: Old Designator=SB10 New Designator=SB15
Change Component Designator: Old Designator=SB11 New Designator=SB16
Change Component Designator: Old Designator=SB12 New Designator=SB17
Change Component Designator: Old Designator=SB13 New Designator=SB18
Change Component Designator: Old Designator=SB? New Designator=SB1
Change Component Designator: Old Designator=SB? New Designator=SB7
Change Component Designator: Old Designator=SB? New Designator=SB8
Change Component Designator: Old Designator=SB? New Designator=SB9
Change Component Designator: Old Designator=SB? New Designator=SB10
