Change Component Designator: Old Designator=*4 New Designator=*7
Change Component Designator: Old Designator=*5 New Designator=*8
Change Component Designator: Old Designator=*6 New Designator=*4
Change Component Designator: Old Designator=*7 New Designator=*5
Change Component Designator: Old Designator=*8 New Designator=*6
Change Component Designator: Old Designator=*11 New Designator=*14
Change Component Designator: Old Designator=*12 New Designator=*11
Change Component Designator: Old Designator=*13 New Designator=*12
Change Component Designator: Old Designator=*14 New Designator=*13
Change Component Designator: Old Designator=C2 New Designator=C3
Change Component Designator: Old Designator=C3 New Designator=C4
Change Component Designator: Old Designator=C? New Designator=C2
Change Component Designator: Old Designator=D4 New Designator=D5
Change Component Designator: Old Designator=D5 New Designator=D6
Change Component Designator: Old Designator=D6 New Designator=D3
Change Component Designator: Old Designator=D? New Designator=D4
Change Component Designator: Old Designator=SB1 New Designator=SB2
Change Component Designator: Old Designator=SB2 New Designator=SB3
Change Component Designator: Old Designator=SB3 New Designator=SB4
Change Component Designator: Old Designator=SB4 New Designator=SB5
Change Component Designator: Old Designator=SB5 New Designator=SB6
Change Component Designator: Old Designator=SB6 New Designator=SB7
Change Component Designator: Old Designator=SB7 New Designator=SB8
Change Component Designator: Old Designator=SB8 New Designator=SB9
Change Component Designator: Old Designator=SB? New Designator=SB1
