Change Component Designator: Old Designator=*6 New Designator=*8
Change Component Designator: Old Designator=*7 New Designator=*9
Change Component Designator: Old Designator=*8 New Designator=*10
Change Component Designator: Old Designator=*9 New Designator=*11
Change Component Designator: Old Designator=*10 New Designator=*12
Change Component Designator: Old Designator=*11 New Designator=*13
Change Component Designator: Old Designator=*12 New Designator=*14
Change Component Designator: Old Designator=*13 New Designator=*15
Change Component Designator: Old Designator=*14 New Designator=*16
Change Component Designator: Old Designator=*15 New Designator=*17
Change Component Designator: Old Designator=*16 New Designator=*18
Change Component Designator: Old Designator=* New Designator=*6
Change Component Designator: Old Designator=*? New Designator=*7
Change Component Designator: Old Designator=C4 New Designator=C5
Change Component Designator: Old Designator=C5 New Designator=C4
Change Component Designator: Old Designator=D7 New Designator=D8
Change Component Designator: Old Designator=D8 New Designator=D7
Change Component Designator: Old Designator=R7 New Designator=R8
Change Component Designator: Old Designator=R8 New Designator=R9
Change Component Designator: Old Designator=R9 New Designator=R10
Change Component Designator: Old Designator=R10 New Designator=R11
Change Component Designator: Old Designator=R11 New Designator=R12
Change Component Designator: Old Designator=R12 New Designator=R13
Change Component Designator: Old Designator=R13 New Designator=R14
Change Component Designator: Old Designator=R14 New Designator=R7
Change Component Designator: Old Designator=R? New Designator=R15
Change Component Designator: Old Designator=R? New Designator=R16
Change Component Designator: Old Designator=SB? New Designator=SB11
Change Component Designator: Old Designator=SB? New Designator=SB12
Change Component Designator: Old Designator=SB? New Designator=SB13
Change Component Designator: Old Designator=SB? New Designator=SB15
Change Component Designator: Old Designator=VT? New Designator=VT2
Change Component Designator: Old Designator=VT? New Designator=VT3
