Change Component Designator: Old Designator=C10 New Designator=C11
Change Component Designator: Old Designator=C11 New Designator=C13
Change Component Designator: Old Designator=C12 New Designator=C14
Change Component Designator: Old Designator=C13 New Designator=C10
Change Component Designator: Old Designator=C14 New Designator=C12
Change Component Designator: Old Designator=D5 New Designator=D6
Change Component Designator: Old Designator=D6 New Designator=D5
Change Component Designator: Old Designator=R1 New Designator=R2
Change Component Designator: Old Designator=R2 New Designator=R3
Change Component Designator: Old Designator=R3 New Designator=R4
Change Component Designator: Old Designator=R4 New Designator=R5
Change Component Designator: Old Designator=R5 New Designator=R6
Change Component Designator: Old Designator=R6 New Designator=R7
Change Component Designator: Old Designator=R7 New Designator=R8
Change Component Designator: Old Designator=R8 New Designator=R9
Change Component Designator: Old Designator=R9 New Designator=R10
Change Component Designator: Old Designator=R10 New Designator=R11
Change Component Designator: Old Designator=R11 New Designator=R12
Change Component Designator: Old Designator=R? New Designator=R1
Change Component Designator: Old Designator=SB1 New Designator=SB2
Change Component Designator: Old Designator=SB2 New Designator=SB3
Change Component Designator: Old Designator=SB3 New Designator=SB4
Change Component Designator: Old Designator=SB4 New Designator=SB5
Change Component Designator: Old Designator=SB5 New Designator=SB6
Change Component Designator: Old Designator=SB6 New Designator=SB7
Change Component Designator: Old Designator=SB7 New Designator=SB8
Change Component Designator: Old Designator=SB8 New Designator=SB9
Change Component Designator: Old Designator=SB9 New Designator=SB10
Change Component Designator: Old Designator=SB10 New Designator=SB11
Change Component Designator: Old Designator=SB11 New Designator=SB12
Change Component Designator: Old Designator=SB12 New Designator=SB13
Change Component Designator: Old Designator=SB13 New Designator=SB14
Change Component Designator: Old Designator=SB14 New Designator=SB15
Change Component Designator: Old Designator=SB15 New Designator=SB16
Change Component Designator: Old Designator=SB16 New Designator=SB17
Change Component Designator: Old Designator=SB? New Designator=SB1
Change Component Designator: Old Designator=X? New Designator=X12
Change Component Designator: Old Designator=X? New Designator=X13
