Change Component Designator: Old Designator=*1 New Designator=*3
Change Component Designator: Old Designator=*3 New Designator=*1
Change Component Designator: Old Designator=*4 New Designator=*12
Change Component Designator: Old Designator=*5 New Designator=*13
Change Component Designator: Old Designator=*6 New Designator=*14
Change Component Designator: Old Designator=*7 New Designator=*4
Change Component Designator: Old Designator=*8 New Designator=*5
Change Component Designator: Old Designator=*9 New Designator=*6
Change Component Designator: Old Designator=*10 New Designator=*7
Change Component Designator: Old Designator=*11 New Designator=*8
Change Component Designator: Old Designator=*12 New Designator=*9
Change Component Designator: Old Designator=*13 New Designator=*10
Change Component Designator: Old Designator=*14 New Designator=*11
Change Component Designator: Old Designator=C3 New Designator=C5
Change Component Designator: Old Designator=C4 New Designator=C6
Change Component Designator: Old Designator=C? New Designator=C3
Change Component Designator: Old Designator=C? New Designator=C4
Change Component Designator: Old Designator=D? New Designator=D4
Change Component Designator: Old Designator=SB2 New Designator=SB3
Change Component Designator: Old Designator=SB3 New Designator=SB4
Change Component Designator: Old Designator=SB4 New Designator=SB5
Change Component Designator: Old Designator=SB5 New Designator=SB6
Change Component Designator: Old Designator=SB6 New Designator=SB7
Change Component Designator: Old Designator=SB7 New Designator=SB8
Change Component Designator: Old Designator=SB8 New Designator=SB9
Change Component Designator: Old Designator=SB9 New Designator=SB10
Change Component Designator: Old Designator=SB? New Designator=SB2
Change Component Designator: Old Designator=XTAL? New Designator=XTAL1
